#
# A fatal error has been detected by the Java Runtime Environment:
#
#  SIGSEGV (0xb) at pc=0x000000018dec3384, pid=56377, tid=46343
#
# JRE version: OpenJDK Runtime Environment Temurin-21.0.4+7 (21.0.4+7) (build 21.0.4+7-LTS)
# Java VM: OpenJDK 64-Bit Server VM Temurin-21.0.4+7 (21.0.4+7-LTS, mixed mode, tiered, compressed oops, compressed class ptrs, g1 gc, bsd-aarch64)
# Problematic frame:
# C  [CoreVideo+0x2384]  CVHWTime::reset()+0x8
#
# No core dump will be written. Core dumps have been disabled. To enable core dumping, try "ulimit -c unlimited" before starting Java again
#
# If you would like to submit a bug report, please visit:
#   https://github.com/adoptium/adoptium-support/issues
#

---------------  S U M M A R Y ------------

Command Line: -XX:+ShowCodeDetailsInExceptionMessages Sketch

Host: "MacBookAir10,1" arm64, 8 cores, 8G, Darwin 20.6.0, macOS 11.5.1 (20G80)
Time: Wed Oct 30 09:39:51 2024 -03 elapsed time: 1111.070406 seconds (0d 0h 18m 31s)

---------------  T H R E A D  ---------------

Current thread is native thread

Stack: [0x000000016e1e8000,0x000000016e26b000],  sp=0x000000016e26ae00,  free space=523k
Native frames: (J=compiled Java code, j=interpreted, Vv=VM code, C=native code)
C  [CoreVideo+0x2384]  CVHWTime::reset()+0x8
C  [CoreVideo+0x2a5c]  CVDisplayLink::runIOThread()+0xb4
C  [libsystem_pthread.dylib+0x7878]  _pthread_start+0x140

siginfo: si_signo: 11 (SIGSEGV), si_code: 2 (SEGV_ACCERR), si_addr: 0xd00000001260a95c

Registers:
 x0=0x0000000124fdb908  x1=0x0000000000000000  x2=0x000000000000002c  x3=0x000000000000002c
 x4=0x000000000000e10b  x5=0x0000000000000000  x6=0x0000000000000000  x7=0x0000000000000000
 x8=0xd00000001260a794  x9=0x000000004d555458 x10=0x0000000000000000 x11=0x0000000000000000
x12=0x0000000000000000 x13=0x0000000000000000 x14=0x0000000000000000 x15=0x0000000000000000
x16=0x000000018748dd9c x17=0x00000001f63aaf20 x18=0x0000000000000000 x19=0x0000000124fdb900
x20=0x00000001259c3a38 x21=0x0000000000000000 x22=0x0000000000000000 x23=0x0000000000000000
x24=0x0000000000000000 x25=0x0000000000000000 x26=0x0000000000000000 x27=0x0000000000000000
x28=0x0000000000000000  fp=0x000000016e26ae10  lr=0x000000018dec3c98  sp=0x000000016e26ae00
pc=0x000000018dec3384 cpsr=0x0000000080001000

Top of Stack: (sp=0x000000016e26ae00)
0x000000016e26ae00:   00000001259c3a38 00000001259c3a20
0x000000016e26ae10:   000000016e26afc0 cb3800018dec3a5c
0x000000016e26ae20:   0000000000000017 0000000000000000
0x000000016e26ae30:   0000000000000000 0000000000000000
0x000000016e26ae40:   0000000000000000 0000000000000000
0x000000016e26ae50:   0000000000000000 0000000000000000
0x000000016e26ae60:   0000000000000000 0000000000000000
0x000000016e26ae70:   0000000000000000 00000002014044d0
0x000000016e26ae80:   0000dc3900000000 000001f50000cdd5
0x000000016e26ae90:   000001f500000014 000001f500000014
0x000000016e26aea0:   0000000000000014 65682d006176616a
0x000000016e26aeb0:   000000007265706c 65682d006176616a
0x000000016e26aec0:   000000007265706c 0000000000000000
0x000000016e26aed0:   0000000000000000 0000dc3900000019
0x000000016e26aee0:   1000000e00000001 000000000000dc39
0x000000016e26aef0:   00000000672224c0 00000000000d89cd
0x000000016e26af00:   0000006277d68000 0000000002f00000
0x000000016e26af10:   00000000b3e5cb11 0000000054728ca3
0x000000016e26af20:   00000000af7c2130 00000000492c72e9
0x000000016e26af30:   003f88dc00000001 0000011e0000003d
0x000000016e26af40:   000daf14001232b0 002181170011b081
0x000000016e26af50:   00000027001c56d4 0000001f00000005
0x000000016e26af60:   984a6a66717400d6 000000018df05d76
0x000000016e26af70:   0000000000000000 0000000000000000
0x000000016e26af80:   0000000000000000 0000000000000000
0x000000016e26af90:   0000000000000000 0000000000000000
0x000000016e26afa0:   0000000000000000 0000000000000000
0x000000016e26afb0:   0000000000000000 000000016e26b000
0x000000016e26afc0:   000000016e26afe0 7c68000187493878
0x000000016e26afd0:   0000000000000000 0000000000000000
0x000000016e26afe0:   0000000000000000 7f3700018748e5e0
0x000000016e26aff0:   0000000000000000 0000000000000000 

Instructions: (pc=0x000000018dec3384)
0x000000018dec3284:   10 62 0c 91 f0 23 c1 da e2 03 10 aa e3 03 00 91
0x000000018dec3294:   00 00 80 d2 04 00 80 d2 3a 02 01 94 e1 03 00 aa
0x000000018dec32a4:   60 26 01 f9 00 00 80 d2 02 00 80 d2 31 02 01 94
0x000000018dec32b4:   60 2a 01 f9 67 02 01 94 60 2e 01 f9 61 2a 41 f9
0x000000018dec32c4:   48 84 2f f0 08 d5 44 f9 02 01 40 f9 5d 02 01 94
0x000000018dec32d4:   28 00 80 52 68 42 00 39 a8 83 5e f8 49 84 2f f0
0x000000018dec32e4:   29 ad 44 f9 29 01 40 f9 3f 01 08 eb c1 00 00 54
0x000000018dec32f4:   e0 03 13 aa fd 7b 45 a9 f4 4f 44 a9 ff 83 01 91
0x000000018dec3304:   ff 0f 5f d6 5b 04 01 94 f3 03 00 aa e0 03 14 aa
0x000000018dec3314:   bc 04 01 94 e0 03 13 aa 42 04 01 94 20 00 20 d4
0x000000018dec3324:   7f 23 03 d5 f4 4f be a9 fd 7b 01 a9 fd 43 00 91
0x000000018dec3334:   f3 03 00 aa 01 84 00 f8 09 00 00 94 7f 26 00 f9
0x000000018dec3344:   7f 52 00 b9 7f fe 05 a9 0c 00 00 94 e0 03 13 aa
0x000000018dec3354:   fd 7b 41 a9 f4 4f c2 a8 ff 0f 5f d6 01 00 00 f9
0x000000018dec3364:   28 e4 40 f9 08 04 00 f9 00 e4 00 6f 00 80 00 ad
0x000000018dec3374:   00 c0 82 3c c0 03 5f d6 1f 14 00 f9 08 00 40 f9
0x000000018dec3384:   08 e5 40 f9 1f 18 00 f9 1f 38 00 b9 08 fc 00 a9
0x000000018dec3394:   1f fc 01 a9 c0 03 5f d6 7f 23 03 d5 f8 5f bc a9
0x000000018dec33a4:   f6 57 01 a9 f4 4f 02 a9 fd 7b 03 a9 fd c3 00 91
0x000000018dec33b4:   f5 03 01 aa f3 03 00 aa e0 03 01 aa a5 02 01 94
0x000000018dec33c4:   c0 05 00 34 f6 03 00 aa 18 00 80 52 c8 26 d8 1a
0x000000018dec33d4:   88 00 00 37 18 07 00 11 1f 83 00 71 81 ff ff 54
0x000000018dec33e4:   74 62 00 91 e0 03 14 aa 66 06 01 94 77 42 47 39
0x000000018dec33f4:   57 01 00 34 e0 03 14 aa 66 06 01 94 68 02 40 f9
0x000000018dec3404:   09 dd 20 f8 c8 c1 f8 f2 e0 03 13 aa 28 09 3f d7
0x000000018dec3414:   e0 03 14 aa 5b 06 01 94 75 6e 05 b9 76 72 05 b9
0x000000018dec3424:   68 4e 38 8b 08 b5 41 f9 68 be 02 f9 7f 32 16 39
0x000000018dec3434:   7f fe 1b a9 e0 03 15 aa f6 02 01 94 21 02 00 b4
0x000000018dec3444:   f5 03 01 aa 68 e2 06 91 01 01 00 f9 68 4e 2c 90
0x000000018dec3454:   08 35 1d 91 08 01 40 39 48 00 00 35 2e 00 00 94
0x000000018dec3464:   68 4e 2c 90 08 c1 1c 91 00 01 40 fd 08 00 78 1e
0x000000018dec3474:   68 c2 01 b9 19 00 00 14 a0 41 83 12 21 00 00 14 



---------------  P R O C E S S  ---------------

VM state: not at safepoint (normal execution)

VM Mutex/Monitor currently owned by a thread: None

Heap address: 0x0000000780000000, size: 2048 MB, Compressed Oops mode: Zero based, Oop shift amount: 3

CDS archive(s) not mapped
Compressed class space mapped at: 0x0000000800000000-0x0000000840000000, reserved size: 1073741824
Narrow klass base: 0x0000000800000000, Narrow klass shift: 0, Narrow klass range: 0x40000000

GC Precious Log:
<Skipped>

Heap:
 garbage-first heap   total 131072K, used 78183K [0x0000000780000000, 0x0000000800000000)
  region size 1024K, 72 young (73728K), 3 survivors (3072K)
 Metaspace       used 16430K, committed 16640K, reserved 1114112K
  class space    used 1551K, committed 1664K, reserved 1048576K

Heap Regions: E=young(eden), S=young(survivor), O=old, HS=humongous(starts), HC=humongous(continues), CS=collection set, F=free, TAMS=top-at-mark-start, PB=parsable bottom
|   0|0x0000000780000000, 0x0000000780100000, 0x0000000780100000|100%|HS|  |TAMS 0x0000000780000000| PB 0x0000000780000000| Complete 
|   1|0x0000000780100000, 0x0000000780200000, 0x0000000780200000|100%|HC|  |TAMS 0x0000000780100000| PB 0x0000000780100000| Complete 
|   2|0x0000000780200000, 0x0000000780300000, 0x0000000780300000|100%|HS|  |TAMS 0x0000000780200000| PB 0x0000000780200000| Complete 
|   3|0x0000000780300000, 0x0000000780400000, 0x0000000780400000|100%|HS|  |TAMS 0x0000000780300000| PB 0x0000000780300000| Complete 
|   4|0x0000000780400000, 0x0000000780500000, 0x0000000780500000|100%|HS|  |TAMS 0x0000000780400000| PB 0x0000000780400000| Complete 
|   5|0x0000000780500000, 0x0000000780500000, 0x0000000780600000|  0%| F|  |TAMS 0x0000000780500000| PB 0x0000000780500000| Untracked 
|   6|0x0000000780600000, 0x0000000780600000, 0x0000000780700000|  0%| F|  |TAMS 0x0000000780600000| PB 0x0000000780600000| Untracked 
|   7|0x0000000780700000, 0x0000000780700000, 0x0000000780800000|  0%| F|  |TAMS 0x0000000780700000| PB 0x0000000780700000| Untracked 
|   8|0x0000000780800000, 0x0000000780800000, 0x0000000780900000|  0%| F|  |TAMS 0x0000000780800000| PB 0x0000000780800000| Untracked 
|   9|0x0000000780900000, 0x0000000780900000, 0x0000000780a00000|  0%| F|  |TAMS 0x0000000780900000| PB 0x0000000780900000| Untracked 
|  10|0x0000000780a00000, 0x0000000780a00000, 0x0000000780b00000|  0%| F|  |TAMS 0x0000000780a00000| PB 0x0000000780a00000| Untracked 
|  11|0x0000000780b00000, 0x0000000780b00000, 0x0000000780c00000|  0%| F|  |TAMS 0x0000000780b00000| PB 0x0000000780b00000| Untracked 
|  12|0x0000000780c00000, 0x0000000780c00000, 0x0000000780d00000|  0%| F|  |TAMS 0x0000000780c00000| PB 0x0000000780c00000| Untracked 
|  13|0x0000000780d00000, 0x0000000780d00000, 0x0000000780e00000|  0%| F|  |TAMS 0x0000000780d00000| PB 0x0000000780d00000| Untracked 
|  14|0x0000000780e00000, 0x0000000780e00000, 0x0000000780f00000|  0%| F|  |TAMS 0x0000000780e00000| PB 0x0000000780e00000| Untracked 
|  15|0x0000000780f00000, 0x0000000780f00000, 0x0000000781000000|  0%| F|  |TAMS 0x0000000780f00000| PB 0x0000000780f00000| Untracked 
|  16|0x0000000781000000, 0x0000000781000000, 0x0000000781100000|  0%| F|  |TAMS 0x0000000781000000| PB 0x0000000781000000| Untracked 
|  17|0x0000000781100000, 0x0000000781100000, 0x0000000781200000|  0%| F|  |TAMS 0x0000000781100000| PB 0x0000000781100000| Untracked 
|  18|0x0000000781200000, 0x0000000781200000, 0x0000000781300000|  0%| F|  |TAMS 0x0000000781200000| PB 0x0000000781200000| Untracked 
|  19|0x0000000781300000, 0x0000000781300000, 0x0000000781400000|  0%| F|  |TAMS 0x0000000781300000| PB 0x0000000781300000| Untracked 
|  20|0x0000000781400000, 0x0000000781400000, 0x0000000781500000|  0%| F|  |TAMS 0x0000000781400000| PB 0x0000000781400000| Untracked 
|  21|0x0000000781500000, 0x0000000781500000, 0x0000000781600000|  0%| F|  |TAMS 0x0000000781500000| PB 0x0000000781500000| Untracked 
|  22|0x0000000781600000, 0x0000000781600000, 0x0000000781700000|  0%| F|  |TAMS 0x0000000781600000| PB 0x0000000781600000| Untracked 
|  23|0x0000000781700000, 0x0000000781700000, 0x0000000781800000|  0%| F|  |TAMS 0x0000000781700000| PB 0x0000000781700000| Untracked 
|  24|0x0000000781800000, 0x0000000781800000, 0x0000000781900000|  0%| F|  |TAMS 0x0000000781800000| PB 0x0000000781800000| Untracked 
|  25|0x0000000781900000, 0x0000000781900000, 0x0000000781a00000|  0%| F|  |TAMS 0x0000000781900000| PB 0x0000000781900000| Untracked 
|  26|0x0000000781a00000, 0x0000000781a00000, 0x0000000781b00000|  0%| F|  |TAMS 0x0000000781a00000| PB 0x0000000781a00000| Untracked 
|  27|0x0000000781b00000, 0x0000000781b00000, 0x0000000781c00000|  0%| F|  |TAMS 0x0000000781b00000| PB 0x0000000781b00000| Untracked 
|  28|0x0000000781c00000, 0x0000000781c00000, 0x0000000781d00000|  0%| F|  |TAMS 0x0000000781c00000| PB 0x0000000781c00000| Untracked 
|  29|0x0000000781d00000, 0x0000000781d00000, 0x0000000781e00000|  0%| F|  |TAMS 0x0000000781d00000| PB 0x0000000781d00000| Untracked 
|  30|0x0000000781e00000, 0x0000000781e00000, 0x0000000781f00000|  0%| F|  |TAMS 0x0000000781e00000| PB 0x0000000781e00000| Untracked 
|  31|0x0000000781f00000, 0x0000000781f00000, 0x0000000782000000|  0%| F|  |TAMS 0x0000000781f00000| PB 0x0000000781f00000| Untracked 
|  32|0x0000000782000000, 0x0000000782000000, 0x0000000782100000|  0%| F|  |TAMS 0x0000000782000000| PB 0x0000000782000000| Untracked 
|  33|0x0000000782100000, 0x0000000782100000, 0x0000000782200000|  0%| F|  |TAMS 0x0000000782100000| PB 0x0000000782100000| Untracked 
|  34|0x0000000782200000, 0x0000000782200000, 0x0000000782300000|  0%| F|  |TAMS 0x0000000782200000| PB 0x0000000782200000| Untracked 
|  35|0x0000000782300000, 0x0000000782300000, 0x0000000782400000|  0%| F|  |TAMS 0x0000000782300000| PB 0x0000000782300000| Untracked 
|  36|0x0000000782400000, 0x0000000782400000, 0x0000000782500000|  0%| F|  |TAMS 0x0000000782400000| PB 0x0000000782400000| Untracked 
|  37|0x0000000782500000, 0x0000000782500000, 0x0000000782600000|  0%| F|  |TAMS 0x0000000782500000| PB 0x0000000782500000| Untracked 
|  38|0x0000000782600000, 0x0000000782600000, 0x0000000782700000|  0%| F|  |TAMS 0x0000000782600000| PB 0x0000000782600000| Untracked 
|  39|0x0000000782700000, 0x0000000782700000, 0x0000000782800000|  0%| F|  |TAMS 0x0000000782700000| PB 0x0000000782700000| Untracked 
|  40|0x0000000782800000, 0x0000000782800000, 0x0000000782900000|  0%| F|  |TAMS 0x0000000782800000| PB 0x0000000782800000| Untracked 
|  41|0x0000000782900000, 0x0000000782900000, 0x0000000782a00000|  0%| F|  |TAMS 0x0000000782900000| PB 0x0000000782900000| Untracked 
|  42|0x0000000782a00000, 0x0000000782a00000, 0x0000000782b00000|  0%| F|  |TAMS 0x0000000782a00000| PB 0x0000000782a00000| Untracked 
|  43|0x0000000782b00000, 0x0000000782b00000, 0x0000000782c00000|  0%| F|  |TAMS 0x0000000782b00000| PB 0x0000000782b00000| Untracked 
|  44|0x0000000782c00000, 0x0000000782c00000, 0x0000000782d00000|  0%| F|  |TAMS 0x0000000782c00000| PB 0x0000000782c00000| Untracked 
|  45|0x0000000782d00000, 0x0000000782d00000, 0x0000000782e00000|  0%| F|  |TAMS 0x0000000782d00000| PB 0x0000000782d00000| Untracked 
|  46|0x0000000782e00000, 0x0000000782e00000, 0x0000000782f00000|  0%| F|  |TAMS 0x0000000782e00000| PB 0x0000000782e00000| Untracked 
|  47|0x0000000782f00000, 0x0000000782f00000, 0x0000000783000000|  0%| F|  |TAMS 0x0000000782f00000| PB 0x0000000782f00000| Untracked 
|  48|0x0000000783000000, 0x0000000783000000, 0x0000000783100000|  0%| F|  |TAMS 0x0000000783000000| PB 0x0000000783000000| Untracked 
|  49|0x0000000783100000, 0x0000000783159f40, 0x0000000783200000| 35%| S|CS|TAMS 0x0000000783100000| PB 0x0000000783100000| Complete 
|  50|0x0000000783200000, 0x0000000783300000, 0x0000000783300000|100%| S|CS|TAMS 0x0000000783200000| PB 0x0000000783200000| Complete 
|  51|0x0000000783300000, 0x0000000783400000, 0x0000000783400000|100%| S|CS|TAMS 0x0000000783300000| PB 0x0000000783300000| Complete 
|  52|0x0000000783400000, 0x0000000783400000, 0x0000000783500000|  0%| F|  |TAMS 0x0000000783400000| PB 0x0000000783400000| Untracked 
|  53|0x0000000783500000, 0x0000000783500000, 0x0000000783600000|  0%| F|  |TAMS 0x0000000783500000| PB 0x0000000783500000| Untracked 
|  54|0x0000000783600000, 0x0000000783600000, 0x0000000783700000|  0%| F|  |TAMS 0x0000000783600000| PB 0x0000000783600000| Untracked 
|  55|0x0000000783700000, 0x0000000783700000, 0x0000000783800000|  0%| F|  |TAMS 0x0000000783700000| PB 0x0000000783700000| Untracked 
|  56|0x0000000783800000, 0x0000000783800000, 0x0000000783900000|  0%| F|  |TAMS 0x0000000783800000| PB 0x0000000783800000| Untracked 
|  57|0x0000000783900000, 0x0000000783900000, 0x0000000783a00000|  0%| F|  |TAMS 0x0000000783900000| PB 0x0000000783900000| Untracked 
|  58|0x0000000783a00000, 0x0000000783a00000, 0x0000000783b00000|  0%| F|  |TAMS 0x0000000783a00000| PB 0x0000000783a00000| Untracked 
|  59|0x0000000783b00000, 0x0000000783c00000, 0x0000000783c00000|100%| E|  |TAMS 0x0000000783b00000| PB 0x0000000783b00000| Complete 
|  60|0x0000000783c00000, 0x0000000783d00000, 0x0000000783d00000|100%| E|CS|TAMS 0x0000000783c00000| PB 0x0000000783c00000| Complete 
|  61|0x0000000783d00000, 0x0000000783e00000, 0x0000000783e00000|100%| E|CS|TAMS 0x0000000783d00000| PB 0x0000000783d00000| Complete 
|  62|0x0000000783e00000, 0x0000000783f00000, 0x0000000783f00000|100%| E|CS|TAMS 0x0000000783e00000| PB 0x0000000783e00000| Complete 
|  63|0x0000000783f00000, 0x0000000784000000, 0x0000000784000000|100%| E|CS|TAMS 0x0000000783f00000| PB 0x0000000783f00000| Complete 
|  64|0x0000000784000000, 0x0000000784100000, 0x0000000784100000|100%| E|CS|TAMS 0x0000000784000000| PB 0x0000000784000000| Complete 
|  65|0x0000000784100000, 0x0000000784200000, 0x0000000784200000|100%| E|CS|TAMS 0x0000000784100000| PB 0x0000000784100000| Complete 
|  66|0x0000000784200000, 0x0000000784300000, 0x0000000784300000|100%| E|CS|TAMS 0x0000000784200000| PB 0x0000000784200000| Complete 
|  67|0x0000000784300000, 0x0000000784400000, 0x0000000784400000|100%| E|CS|TAMS 0x0000000784300000| PB 0x0000000784300000| Complete 
|  68|0x0000000784400000, 0x0000000784500000, 0x0000000784500000|100%| E|CS|TAMS 0x0000000784400000| PB 0x0000000784400000| Complete 
|  69|0x0000000784500000, 0x0000000784600000, 0x0000000784600000|100%| E|CS|TAMS 0x0000000784500000| PB 0x0000000784500000| Complete 
|  70|0x0000000784600000, 0x0000000784700000, 0x0000000784700000|100%| E|CS|TAMS 0x0000000784600000| PB 0x0000000784600000| Complete 
|  71|0x0000000784700000, 0x0000000784800000, 0x0000000784800000|100%| E|CS|TAMS 0x0000000784700000| PB 0x0000000784700000| Complete 
|  72|0x0000000784800000, 0x0000000784900000, 0x0000000784900000|100%| E|CS|TAMS 0x0000000784800000| PB 0x0000000784800000| Complete 
|  73|0x0000000784900000, 0x0000000784a00000, 0x0000000784a00000|100%| E|CS|TAMS 0x0000000784900000| PB 0x0000000784900000| Complete 
|  74|0x0000000784a00000, 0x0000000784b00000, 0x0000000784b00000|100%| E|CS|TAMS 0x0000000784a00000| PB 0x0000000784a00000| Complete 
|  75|0x0000000784b00000, 0x0000000784c00000, 0x0000000784c00000|100%| E|CS|TAMS 0x0000000784b00000| PB 0x0000000784b00000| Complete 
|  76|0x0000000784c00000, 0x0000000784d00000, 0x0000000784d00000|100%| E|CS|TAMS 0x0000000784c00000| PB 0x0000000784c00000| Complete 
|  77|0x0000000784d00000, 0x0000000784e00000, 0x0000000784e00000|100%| E|CS|TAMS 0x0000000784d00000| PB 0x0000000784d00000| Complete 
|  78|0x0000000784e00000, 0x0000000784f00000, 0x0000000784f00000|100%| E|CS|TAMS 0x0000000784e00000| PB 0x0000000784e00000| Complete 
|  79|0x0000000784f00000, 0x0000000785000000, 0x0000000785000000|100%| E|CS|TAMS 0x0000000784f00000| PB 0x0000000784f00000| Complete 
|  80|0x0000000785000000, 0x0000000785100000, 0x0000000785100000|100%| E|CS|TAMS 0x0000000785000000| PB 0x0000000785000000| Complete 
|  81|0x0000000785100000, 0x0000000785200000, 0x0000000785200000|100%| E|CS|TAMS 0x0000000785100000| PB 0x0000000785100000| Complete 
|  82|0x0000000785200000, 0x0000000785300000, 0x0000000785300000|100%| E|CS|TAMS 0x0000000785200000| PB 0x0000000785200000| Complete 
|  83|0x0000000785300000, 0x0000000785400000, 0x0000000785400000|100%| E|CS|TAMS 0x0000000785300000| PB 0x0000000785300000| Complete 
|  84|0x0000000785400000, 0x0000000785500000, 0x0000000785500000|100%| E|CS|TAMS 0x0000000785400000| PB 0x0000000785400000| Complete 
|  85|0x0000000785500000, 0x0000000785600000, 0x0000000785600000|100%| E|CS|TAMS 0x0000000785500000| PB 0x0000000785500000| Complete 
|  86|0x0000000785600000, 0x0000000785700000, 0x0000000785700000|100%| E|CS|TAMS 0x0000000785600000| PB 0x0000000785600000| Complete 
|  87|0x0000000785700000, 0x0000000785800000, 0x0000000785800000|100%| E|CS|TAMS 0x0000000785700000| PB 0x0000000785700000| Complete 
|  88|0x0000000785800000, 0x0000000785900000, 0x0000000785900000|100%| E|CS|TAMS 0x0000000785800000| PB 0x0000000785800000| Complete 
|  89|0x0000000785900000, 0x0000000785a00000, 0x0000000785a00000|100%| E|CS|TAMS 0x0000000785900000| PB 0x0000000785900000| Complete 
|  90|0x0000000785a00000, 0x0000000785b00000, 0x0000000785b00000|100%| E|CS|TAMS 0x0000000785a00000| PB 0x0000000785a00000| Complete 
|  91|0x0000000785b00000, 0x0000000785c00000, 0x0000000785c00000|100%| E|CS|TAMS 0x0000000785b00000| PB 0x0000000785b00000| Complete 
|  92|0x0000000785c00000, 0x0000000785d00000, 0x0000000785d00000|100%| E|CS|TAMS 0x0000000785c00000| PB 0x0000000785c00000| Complete 
|  93|0x0000000785d00000, 0x0000000785e00000, 0x0000000785e00000|100%| E|CS|TAMS 0x0000000785d00000| PB 0x0000000785d00000| Complete 
|  94|0x0000000785e00000, 0x0000000785f00000, 0x0000000785f00000|100%| E|CS|TAMS 0x0000000785e00000| PB 0x0000000785e00000| Complete 
|  95|0x0000000785f00000, 0x0000000786000000, 0x0000000786000000|100%| E|CS|TAMS 0x0000000785f00000| PB 0x0000000785f00000| Complete 
|  96|0x0000000786000000, 0x0000000786100000, 0x0000000786100000|100%| E|CS|TAMS 0x0000000786000000| PB 0x0000000786000000| Complete 
|  97|0x0000000786100000, 0x0000000786200000, 0x0000000786200000|100%| E|CS|TAMS 0x0000000786100000| PB 0x0000000786100000| Complete 
|  98|0x0000000786200000, 0x0000000786300000, 0x0000000786300000|100%| E|CS|TAMS 0x0000000786200000| PB 0x0000000786200000| Complete 
|  99|0x0000000786300000, 0x0000000786400000, 0x0000000786400000|100%| E|CS|TAMS 0x0000000786300000| PB 0x0000000786300000| Complete 
| 100|0x0000000786400000, 0x0000000786500000, 0x0000000786500000|100%| E|CS|TAMS 0x0000000786400000| PB 0x0000000786400000| Complete 
| 101|0x0000000786500000, 0x0000000786600000, 0x0000000786600000|100%| E|CS|TAMS 0x0000000786500000| PB 0x0000000786500000| Complete 
| 102|0x0000000786600000, 0x0000000786700000, 0x0000000786700000|100%| E|CS|TAMS 0x0000000786600000| PB 0x0000000786600000| Complete 
| 103|0x0000000786700000, 0x0000000786800000, 0x0000000786800000|100%| E|CS|TAMS 0x0000000786700000| PB 0x0000000786700000| Complete 
| 104|0x0000000786800000, 0x0000000786900000, 0x0000000786900000|100%| E|CS|TAMS 0x0000000786800000| PB 0x0000000786800000| Complete 
| 105|0x0000000786900000, 0x0000000786a00000, 0x0000000786a00000|100%| E|CS|TAMS 0x0000000786900000| PB 0x0000000786900000| Complete 
| 106|0x0000000786a00000, 0x0000000786b00000, 0x0000000786b00000|100%| E|CS|TAMS 0x0000000786a00000| PB 0x0000000786a00000| Complete 
| 107|0x0000000786b00000, 0x0000000786c00000, 0x0000000786c00000|100%| E|CS|TAMS 0x0000000786b00000| PB 0x0000000786b00000| Complete 
| 108|0x0000000786c00000, 0x0000000786d00000, 0x0000000786d00000|100%| E|CS|TAMS 0x0000000786c00000| PB 0x0000000786c00000| Complete 
| 109|0x0000000786d00000, 0x0000000786e00000, 0x0000000786e00000|100%| E|CS|TAMS 0x0000000786d00000| PB 0x0000000786d00000| Complete 
| 110|0x0000000786e00000, 0x0000000786f00000, 0x0000000786f00000|100%| E|CS|TAMS 0x0000000786e00000| PB 0x0000000786e00000| Complete 
| 111|0x0000000786f00000, 0x0000000787000000, 0x0000000787000000|100%| E|CS|TAMS 0x0000000786f00000| PB 0x0000000786f00000| Complete 
| 112|0x0000000787000000, 0x0000000787100000, 0x0000000787100000|100%| E|CS|TAMS 0x0000000787000000| PB 0x0000000787000000| Complete 
| 113|0x0000000787100000, 0x0000000787200000, 0x0000000787200000|100%| E|CS|TAMS 0x0000000787100000| PB 0x0000000787100000| Complete 
| 114|0x0000000787200000, 0x0000000787300000, 0x0000000787300000|100%| E|CS|TAMS 0x0000000787200000| PB 0x0000000787200000| Complete 
| 115|0x0000000787300000, 0x0000000787400000, 0x0000000787400000|100%| E|CS|TAMS 0x0000000787300000| PB 0x0000000787300000| Complete 
| 116|0x0000000787400000, 0x0000000787500000, 0x0000000787500000|100%| E|CS|TAMS 0x0000000787400000| PB 0x0000000787400000| Complete 
| 117|0x0000000787500000, 0x0000000787600000, 0x0000000787600000|100%| E|CS|TAMS 0x0000000787500000| PB 0x0000000787500000| Complete 
| 118|0x0000000787600000, 0x0000000787700000, 0x0000000787700000|100%| E|CS|TAMS 0x0000000787600000| PB 0x0000000787600000| Complete 
| 119|0x0000000787700000, 0x0000000787800000, 0x0000000787800000|100%| E|CS|TAMS 0x0000000787700000| PB 0x0000000787700000| Complete 
| 120|0x0000000787800000, 0x0000000787900000, 0x0000000787900000|100%| E|CS|TAMS 0x0000000787800000| PB 0x0000000787800000| Complete 
| 121|0x0000000787900000, 0x0000000787a00000, 0x0000000787a00000|100%| E|CS|TAMS 0x0000000787900000| PB 0x0000000787900000| Complete 
| 122|0x0000000787a00000, 0x0000000787b00000, 0x0000000787b00000|100%| E|CS|TAMS 0x0000000787a00000| PB 0x0000000787a00000| Complete 
| 123|0x0000000787b00000, 0x0000000787c00000, 0x0000000787c00000|100%| E|CS|TAMS 0x0000000787b00000| PB 0x0000000787b00000| Complete 
| 124|0x0000000787c00000, 0x0000000787d00000, 0x0000000787d00000|100%| E|CS|TAMS 0x0000000787c00000| PB 0x0000000787c00000| Complete 
| 125|0x0000000787d00000, 0x0000000787e00000, 0x0000000787e00000|100%| E|CS|TAMS 0x0000000787d00000| PB 0x0000000787d00000| Complete 
| 126|0x0000000787e00000, 0x0000000787f00000, 0x0000000787f00000|100%| E|CS|TAMS 0x0000000787e00000| PB 0x0000000787e00000| Complete 
| 127|0x0000000787f00000, 0x0000000788000000, 0x0000000788000000|100%| E|CS|TAMS 0x0000000787f00000| PB 0x0000000787f00000| Complete 

Card table byte_map: [0x0000000112bb8000,0x0000000112fb8000] _byte_map_base: 0x000000010efb8000

Marking Bits: (CMBitMap*) 0x0000000126808810
 Bits: [0x0000000112fb8000, 0x0000000114fb8000)

Polling page: 0x0000000104a04000

Metaspace:

Usage:
  Non-class:     14.53 MB used.
      Class:      1.51 MB used.
       Both:     16.04 MB used.

Virtual space:
  Non-class space:       64.00 MB reserved,      14.62 MB ( 23%) committed,  1 nodes.
      Class space:        1.00 GB reserved,       1.62 MB ( <1%) committed,  1 nodes.
             Both:        1.06 GB reserved,      16.25 MB (  1%) committed. 

Chunk freelists:
   Non-Class:  976.00 KB
       Class:  14.25 MB
        Both:  15.20 MB

MaxMetaspaceSize: unlimited
CompressedClassSpaceSize: 1.00 GB
Initial GC threshold: 21.00 MB
Current GC threshold: 21.00 MB
CDS: off
 - commit_granule_bytes: 65536.
 - commit_granule_words: 8192.
 - virtual_space_node_default_size: 8388608.
 - enlarge_chunks_in_place: 1.
 - use_allocation_guard: 0.


Internal statistics:

num_allocs_failed_limit: 0.
num_arena_births: 190.
num_arena_deaths: 0.
num_vsnodes_births: 2.
num_vsnodes_deaths: 0.
num_space_committed: 260.
num_space_uncommitted: 0.
num_chunks_returned_to_freelist: 0.
num_chunks_taken_from_freelist: 319.
num_chunk_merges: 0.
num_chunk_splits: 176.
num_chunks_enlarged: 69.
num_inconsistent_stats: 0.

CodeHeap 'non-profiled nmethods': size=120032Kb used=1436Kb max_used=1436Kb free=118595Kb
 bounds [0x0000000137ac8000, 0x0000000137d38000, 0x000000013f000000]
CodeHeap 'profiled nmethods': size=120016Kb used=2826Kb max_used=2826Kb free=117189Kb
 bounds [0x0000000130000000, 0x00000001302d0000, 0x0000000137534000]
CodeHeap 'non-nmethods': size=5712Kb used=1500Kb max_used=1574Kb free=4211Kb
 bounds [0x0000000137534000, 0x00000001377a4000, 0x0000000137ac8000]
 total_blobs=2274 nmethods=1595 adapters=588
 compilation: enabled
              stopped_count=0, restarted_count=0
 full_count=0

Compilation events (20 events):
Event: 125.283 Thread 0x000000012589d400 3669       4       processing.awt.PGraphicsJava2D::handleSmooth (142 bytes)
Event: 125.284 Thread 0x000000012589d400 nmethod 3669 0x0000000137c2a190 code [0x0000000137c2a380, 0x0000000137c2a5f8]
Event: 253.121 Thread 0x000000012589dc00 5827 %s!   3       sun.java2d.metal.MTLRenderQueue$QueueFlusher::run @ 2 (234 bytes)
Event: 253.124 Thread 0x000000012589dc00 nmethod 5827% 0x00000001302b6c10 code [0x00000001302b71c0, 0x00000001302b9598]
Event: 257.388 Thread 0x000000012589dc00 5900  s!   3       sun.java2d.metal.MTLRenderQueue$QueueFlusher::run (234 bytes)
Event: 257.390 Thread 0x000000012589dc00 nmethod 5900 0x00000001302ba390 code [0x00000001302ba940, 0x00000001302bcc08]
Event: 362.967 Thread 0x000000012589d400 7682       4       java.util.concurrent.locks.LockSupport::setBlocker (12 bytes)
Event: 362.971 Thread 0x000000012589d400 nmethod 7682 0x0000000137c2a890 code [0x0000000137c2aa00, 0x0000000137c2ab78]
Event: 369.916 Thread 0x000000012589dc00 7800       3       java.util.concurrent.locks.ReentrantLock$NonfairSync::tryAcquire (27 bytes)
Event: 369.917 Thread 0x000000012589dc00 nmethod 7800 0x00000001302bda10 code [0x00000001302bdbc0, 0x00000001302bde80]
Event: 423.895 Thread 0x000000012589d400 8711 %s!   4       sun.java2d.metal.MTLRenderQueue$QueueFlusher::run @ 2 (234 bytes)
Event: 423.918 Thread 0x000000012589d400 nmethod 8711% 0x0000000137c2ac10 code [0x0000000137c2b000, 0x0000000137c2c6c8]
Event: 561.555 Thread 0x000000012589d400 11033       4       sun.java2d.marlin.TransformingPathConsumer2D$CurveClipSplitter::splitCurve (98 bytes)
Event: 561.557 Thread 0x000000012589d400 nmethod 11033 0x0000000137c2d390 code [0x0000000137c2d500, 0x0000000137c2d610]
Event: 564.036 Thread 0x000000012589d400 11076   !   4       java.util.concurrent.locks.AbstractQueuedSynchronizer::acquire (424 bytes)
Event: 564.049 Thread 0x000000012589d400 nmethod 11076 0x0000000137c2d710 code [0x0000000137c2d940, 0x0000000137c2eae0]
Event: 1009.021 Thread 0x000000012589dc00 18581 % !   3       processing.core.PSurfaceNone$AnimationThread::run @ 23 (188 bytes)
Event: 1009.025 Thread 0x000000012589dc00 nmethod 18581% 0x00000001302bdf10 code [0x00000001302be300, 0x00000001302bfc10]
Event: 1026.093 Thread 0x000000012589dc00 18870   !   3       processing.core.PSurfaceNone$AnimationThread::run (188 bytes)
Event: 1026.096 Thread 0x000000012589dc00 nmethod 18870 0x00000001302c0510 code [0x00000001302c0900, 0x00000001302c2140]

GC Heap History (6 events):
Event: 61.261 GC heap before
{Heap before GC invocations=0 (full 0):
 garbage-first heap   total 131072K, used 28672K [0x0000000780000000, 0x0000000800000000)
  region size 1024K, 23 young (23552K), 0 survivors (0K)
 Metaspace       used 16406K, committed 16640K, reserved 1114112K
  class space    used 1550K, committed 1664K, reserved 1048576K
}
Event: 61.270 GC heap after
{Heap after GC invocations=1 (full 0):
 garbage-first heap   total 131072K, used 8448K [0x0000000780000000, 0x0000000800000000)
  region size 1024K, 3 young (3072K), 3 survivors (3072K)
 Metaspace       used 16406K, committed 16640K, reserved 1114112K
  class space    used 1550K, committed 1664K, reserved 1048576K
}
Event: 264.374 GC heap before
{Heap before GC invocations=1 (full 0):
 garbage-first heap   total 131072K, used 45312K [0x0000000780000000, 0x0000000800000000)
  region size 1024K, 38 young (38912K), 3 survivors (3072K)
 Metaspace       used 16426K, committed 16640K, reserved 1114112K
  class space    used 1551K, committed 1664K, reserved 1048576K
}
Event: 264.382 GC heap after
{Heap after GC invocations=2 (full 0):
 garbage-first heap   total 131072K, used 6498K [0x0000000780000000, 0x0000000800000000)
  region size 1024K, 3 young (3072K), 3 survivors (3072K)
 Metaspace       used 16426K, committed 16640K, reserved 1114112K
  class space    used 1551K, committed 1664K, reserved 1048576K
}
Event: 700.905 GC heap before
{Heap before GC invocations=2 (full 0):
 garbage-first heap   total 131072K, used 82274K [0x0000000780000000, 0x0000000800000000)
  region size 1024K, 76 young (77824K), 3 survivors (3072K)
 Metaspace       used 16426K, committed 16640K, reserved 1114112K
  class space    used 1551K, committed 1664K, reserved 1048576K
}
Event: 700.911 GC heap after
{Heap after GC invocations=3 (full 0):
 garbage-first heap   total 131072K, used 6503K [0x0000000780000000, 0x0000000800000000)
  region size 1024K, 3 young (3072K), 3 survivors (3072K)
 Metaspace       used 16426K, committed 16640K, reserved 1114112K
  class space    used 1551K, committed 1664K, reserved 1048576K
}

Dll operation events (10 events):
Event: 0.004 Loaded shared library /Library/Java/JavaVirtualMachines/temurin-21.jdk/Contents/Home/lib/libjava.dylib
Event: 0.042 Loaded shared library /Library/Java/JavaVirtualMachines/temurin-21.jdk/Contents/Home/lib/libnio.dylib
Event: 0.046 Loaded shared library /Library/Java/JavaVirtualMachines/temurin-21.jdk/Contents/Home/lib/libzip.dylib
Event: 0.073 Loaded shared library /Library/Java/JavaVirtualMachines/temurin-21.jdk/Contents/Home/lib/libjimage.dylib
Event: 0.076 Loaded shared library /Library/Java/JavaVirtualMachines/temurin-21.jdk/Contents/Home/lib/libawt.dylib
Event: 0.078 Loaded shared library /Library/Java/JavaVirtualMachines/temurin-21.jdk/Contents/Home/lib/libawt_lwawt.dylib
Event: 0.090 Loaded shared library /Library/Java/JavaVirtualMachines/temurin-21.jdk/Contents/Home/lib/libfontmanager.dylib
Event: 0.316 Loaded shared library /Library/Java/JavaVirtualMachines/temurin-21.jdk/Contents/Home/lib/libosxui.dylib
Event: 0.349 Loaded shared library /Library/Java/JavaVirtualMachines/temurin-21.jdk/Contents/Home/lib/libmanagement.dylib
Event: 0.350 Loaded shared library /Library/Java/JavaVirtualMachines/temurin-21.jdk/Contents/Home/lib/libmanagement_ext.dylib

Deoptimization events (20 events):
Event: 61.275 Thread 0x00000001259d7c00 DEOPT PACKING pc=0x0000000137becddc sp=0x000000016e802210
Event: 61.275 Thread 0x00000001259d7c00 DEOPT UNPACKING pc=0x000000013757701c sp=0x000000016e802020 mode 2
Event: 100.211 Thread 0x0000000125112c00 Uncommon trap: trap_request=0xffffffde fr.pc=0x0000000137c073b8 relative=0x00000000000003f8
Event: 100.211 Thread 0x0000000125112c00 Uncommon trap: reason=class_check action=maybe_recompile pc=0x0000000137c073b8 method=sun.lwawt.macosx.CFRetainedResource.execute(Lsun/lwawt/macosx/CFRetainedResource$CFNativeAction;)V @ 23 c2
Event: 100.211 Thread 0x0000000125112c00 DEOPT PACKING pc=0x0000000137c073b8 sp=0x000000016b493f10
Event: 100.211 Thread 0x0000000125112c00 DEOPT UNPACKING pc=0x000000013757701c sp=0x000000016b493ec0 mode 2
Event: 100.217 Thread 0x0000000125112c00 Uncommon trap: trap_request=0xffffffde fr.pc=0x0000000137c073b8 relative=0x00000000000003f8
Event: 100.218 Thread 0x0000000125112c00 Uncommon trap: reason=class_check action=maybe_recompile pc=0x0000000137c073b8 method=sun.lwawt.macosx.CFRetainedResource.execute(Lsun/lwawt/macosx/CFRetainedResource$CFNativeAction;)V @ 23 c2
Event: 100.218 Thread 0x0000000125112c00 DEOPT PACKING pc=0x0000000137c073b8 sp=0x000000016b493f80
Event: 100.218 Thread 0x0000000125112c00 DEOPT UNPACKING pc=0x000000013757701c sp=0x000000016b493f30 mode 2
Event: 100.224 Thread 0x00000001259c4000 Uncommon trap: trap_request=0xffffffde fr.pc=0x0000000137c073b8 relative=0x00000000000003f8
Event: 100.224 Thread 0x00000001259c4000 Uncommon trap: reason=class_check action=maybe_recompile pc=0x0000000137c073b8 method=sun.lwawt.macosx.CFRetainedResource.execute(Lsun/lwawt/macosx/CFRetainedResource$CFNativeAction;)V @ 23 c2
Event: 100.224 Thread 0x00000001259c4000 DEOPT PACKING pc=0x0000000137c073b8 sp=0x000000016e569c40
Event: 100.224 Thread 0x00000001259c4000 DEOPT UNPACKING pc=0x000000013757701c sp=0x000000016e569bf0 mode 2
Event: 369.049 Thread 0x0000000125112c00 Uncommon trap: trap_request=0xffffff45 fr.pc=0x0000000137bf1e94 relative=0x0000000000000194
Event: 369.049 Thread 0x0000000125112c00 Uncommon trap: reason=unstable_if action=reinterpret pc=0x0000000137bf1e94 method=java.util.concurrent.locks.ReentrantLock$NonfairSync.tryAcquire(I)Z @ 13 c2
Event: 369.049 Thread 0x0000000125112c00 DEOPT PACKING pc=0x0000000137bf1e94 sp=0x000000016b492b50
Event: 369.049 Thread 0x0000000125112c00 DEOPT UNPACKING pc=0x000000013757701c sp=0x000000016b492ad0 mode 2
Event: 458.062 Thread 0x00000001269c5a00 DEOPT PACKING pc=0x00000001302b904c sp=0x000000016df468a0
Event: 458.062 Thread 0x00000001269c5a00 DEOPT UNPACKING pc=0x0000000137576e7c sp=0x000000016df465f0 mode 0

Classes loaded (20 events):
Event: 0.494 Loading class sun/lwawt/LWCursorManager$1
Event: 0.494 Loading class sun/lwawt/LWCursorManager$1 done
Event: 0.495 Loading class sun/lwawt/macosx/CCustomCursor
Event: 0.495 Loading class sun/lwawt/macosx/CCustomCursor done
Event: 8.433 Loading class javax/accessibility/AccessibleState
Event: 8.433 Loading class javax/accessibility/AccessibleState done
Event: 8.434 Loading class javax/swing/JInternalFrame
Event: 8.434 Loading class javax/swing/JInternalFrame done
Event: 8.434 Loading class javax/swing/JMenu
Event: 8.434 Loading class javax/swing/MenuElement
Event: 8.434 Loading class javax/swing/MenuElement done
Event: 8.434 Loading class javax/swing/JMenuItem
Event: 8.435 Loading class javax/swing/AbstractButton
Event: 8.435 Loading class java/awt/ItemSelectable
Event: 8.435 Loading class java/awt/ItemSelectable done
Event: 8.435 Loading class javax/swing/AbstractButton done
Event: 8.435 Loading class javax/swing/JMenuItem done
Event: 8.435 Loading class javax/swing/JMenu done
Event: 45.243 Loading class java/awt/image/BufferedImageOp
Event: 45.243 Loading class java/awt/image/BufferedImageOp done

Classes unloaded (0 events):
No events

Classes redefined (0 events):
No events

Internal exceptions (20 events):
Event: 0.322 Thread 0x000000012580a800 Exception <a 'java/lang/NoSuchMethodError'{0x0000000787a9f800}: 'void java.lang.invoke.DirectMethodHandle$Holder.invokeStaticInit(java.lang.Object)'> (0x0000000787a9f800) 
thrown [src/hotspot/share/interpreter/linkResolver.cpp, line 773]
Event: 0.330 Thread 0x000000012580a800 Exception <a 'java/lang/NoSuchMethodError'{0x0000000787ac3350}: 'java.lang.Object java.lang.invoke.DirectMethodHandle$Holder.newInvokeSpecial(java.lang.Object, java.lang.Object, java.lang.Object, java.lang.Object, java.lang.Object)'> (0x0000000787ac3350) 
thrown [src/hotspot/share/interpreter/linkResolver.cpp, line 773]
Event: 0.332 Thread 0x000000012580a800 Exception <a 'java/lang/NoSuchMethodError'{0x0000000787aefb98}: 'java.lang.Object java.lang.invoke.DirectMethodHandle$Holder.invokeStatic(java.lang.Object, int, java.lang.Object)'> (0x0000000787aefb98) 
thrown [src/hotspot/share/interpreter/linkResolver.cpp, line 773]
Event: 0.334 Thread 0x000000012580a800 Exception <a 'java/lang/ClassNotFoundException'{0x000000078791d3f0}: com/apple/laf/resources/spi/aquaProvider> (0x000000078791d3f0) 
thrown [src/hotspot/share/classfile/systemDictionary.cpp, line 312]
Event: 0.343 Thread 0x000000012580a800 Exception <a 'java/lang/ClassNotFoundException'{0x0000000787982b70}: com/sun/swing/internal/plaf/basic/resources/spi/basicProvider> (0x0000000787982b70) 
thrown [src/hotspot/share/classfile/systemDictionary.cpp, line 312]
Event: 0.348 Thread 0x000000012580a800 Exception <a 'java/lang/NoSuchMethodError'{0x00000007879a2e00}: 'int java.lang.invoke.Invokers$Holder.invokeExact_MT(java.lang.Object, java.lang.Object)'> (0x00000007879a2e00) 
thrown [src/hotspot/share/interpreter/linkResolver.cpp, line 773]
Event: 0.355 Thread 0x000000012580a800 Exception <a 'java/lang/NoSuchMethodError'{0x00000007879c24f0}: 'int java.lang.invoke.DirectMethodHandle$Holder.invokeSpecial(java.lang.Object, java.lang.Object, java.lang.Object)'> (0x00000007879c24f0) 
thrown [src/hotspot/share/interpreter/linkResolver.cpp, line 773]
Event: 0.364 Thread 0x0000000125201000 Exception <a 'java/lang/NoSuchMethodError'{0x000000078780dec8}: 'java.lang.Object java.lang.invoke.DirectMethodHandle$Holder.newInvokeSpecial(java.lang.Object, java.lang.Object, java.lang.Object, int, int, int, int, int)'> (0x000000078780dec8) 
thrown [src/hotspot/share/interpreter/linkResolver.cpp, line 773]
Event: 0.394 Thread 0x000000012580a800 Exception <a 'java/lang/NoSuchMethodError'{0x00000007877fd088}: 'void java.lang.invoke.DirectMethodHandle$Holder.invokeStatic(java.lang.Object, long)'> (0x00000007877fd088) 
thrown [src/hotspot/share/interpreter/linkResolver.cpp, line 773]
Event: 0.398 Thread 0x000000012580a800 Exception <a 'java/lang/NoSuchMethodError'{0x0000000787615408}: 'void java.lang.invoke.Invokers$Holder.invokeExact_MT(java.lang.Object, java.lang.Object, java.lang.Object, java.lang.Object)'> (0x0000000787615408) 
thrown [src/hotspot/share/interpreter/linkResolver.cpp, line 773]
Event: 0.400 Thread 0x000000012580a800 Exception <a 'java/lang/NoSuchMethodError'{0x00000007876252d8}: 'java.lang.Object java.lang.invoke.DirectMethodHandle$Holder.newInvokeSpecial(java.lang.Object, java.lang.Object, java.lang.Object, int, java.lang.Object)'> (0x00000007876252d8) 
thrown [src/hotspot/share/interpreter/linkResolver.cpp, line 773]
Event: 0.413 Thread 0x000000012580a800 Exception <a 'java/lang/NoSuchMethodError'{0x00000007876308c8}: 'void java.lang.invoke.DirectMethodHandle$Holder.invokeStatic(java.lang.Object, int, long)'> (0x00000007876308c8) 
thrown [src/hotspot/share/interpreter/linkResolver.cpp, line 773]
Event: 0.415 Thread 0x000000012580a800 Exception <a 'java/lang/NoSuchMethodError'{0x0000000787649d58}: 'java.lang.Object java.lang.invoke.Invokers$Holder.linkToTargetMethod(int, int, int, int, java.lang.Object)'> (0x0000000787649d58) 
thrown [src/hotspot/share/interpreter/linkResolver.cpp, line 773]
Event: 0.415 Thread 0x000000012580a800 Exception <a 'java/lang/NoSuchMethodError'{0x000000078764d560}: 'void java.lang.invoke.DirectMethodHandle$Holder.invokeStatic(java.lang.Object, java.lang.Object, long)'> (0x000000078764d560) 
thrown [src/hotspot/share/interpreter/linkResolver.cpp, line 773]
Event: 0.419 Thread 0x0000000125112c00 Exception <a 'java/lang/NoSuchMethodError'{0x0000000787c9afc8}: 'void java.lang.invoke.DirectMethodHandle$Holder.invokeSpecial(java.lang.Object, java.lang.Object, long)'> (0x0000000787c9afc8) 
thrown [src/hotspot/share/interpreter/linkResolver.cpp, line 773]
Event: 0.440 Thread 0x000000012580a800 Exception <a 'java/lang/NoSuchMethodError'{0x000000078766a508}: 'void java.lang.invoke.DirectMethodHandle$Holder.invokeStatic(java.lang.Object, long, long)'> (0x000000078766a508) 
thrown [src/hotspot/share/interpreter/linkResolver.cpp, line 773]
Event: 0.441 Thread 0x000000012580a800 Exception <a 'java/lang/NoSuchMethodError'{0x000000078766f618}: 'java.lang.Object java.lang.invoke.DirectMethodHandle$Holder.newInvokeSpecial(java.lang.Object, long)'> (0x000000078766f618) 
thrown [src/hotspot/share/interpreter/linkResolver.cpp, line 773]
Event: 0.441 Thread 0x000000012580a800 Exception <a 'java/lang/NoSuchMethodError'{0x00000007876eed38}: 'java.lang.Object java.lang.invoke.DirectMethodHandle$Holder.newInvokeSpecial(java.lang.Object, java.lang.Object, int)'> (0x00000007876eed38) 
thrown [src/hotspot/share/interpreter/linkResolver.cpp, line 773]
Event: 61.270 Thread 0x00000001259d7c00 Implicit null exception at 0x0000000137be2fac to 0x0000000137be4794
Event: 61.275 Thread 0x00000001259d7c00 Implicit null exception at 0x0000000137be963c to 0x0000000137becdbc

ZGC Phase Switch (0 events):
No events

VM Operations (20 events):
Event: 92.377 Executing VM operation: Cleanup
Event: 92.377 Executing VM operation: Cleanup done
Event: 100.403 Executing VM operation: Cleanup
Event: 100.403 Executing VM operation: Cleanup done
Event: 108.421 Executing VM operation: Cleanup
Event: 108.422 Executing VM operation: Cleanup done
Event: 120.195 Executing VM operation: HandshakeAllThreads (HandshakeForDeflation)
Event: 120.195 Executing VM operation: HandshakeAllThreads (HandshakeForDeflation) done
Event: 120.195 Executing VM operation: RendezvousGCThreads
Event: 120.195 Executing VM operation: RendezvousGCThreads done
Event: 264.372 Executing VM operation: G1CollectForAllocation (G1 Evacuation Pause)
Event: 264.382 Executing VM operation: G1CollectForAllocation (G1 Evacuation Pause) done
Event: 265.387 Executing VM operation: Cleanup
Event: 265.387 Executing VM operation: Cleanup done
Event: 369.749 Executing VM operation: Cleanup
Event: 369.749 Executing VM operation: Cleanup done
Event: 370.754 Executing VM operation: Cleanup
Event: 370.754 Executing VM operation: Cleanup done
Event: 700.905 Executing VM operation: G1CollectForAllocation (G1 Evacuation Pause)
Event: 700.911 Executing VM operation: G1CollectForAllocation (G1 Evacuation Pause) done

Memory protections (20 events):
Event: 0.004 Protecting memory [0x000000016b524000,0x000000016b530000] with protection modes 0
Event: 0.024 Protecting memory [0x000000016c69c000,0x000000016c6a8000] with protection modes 0
Event: 0.024 Protecting memory [0x000000016c8a8000,0x000000016c8b4000] with protection modes 0
Event: 0.024 Protecting memory [0x000000016cab4000,0x000000016cac0000] with protection modes 0
Event: 0.024 Protecting memory [0x000000016ccc0000,0x000000016cccc000] with protection modes 0
Event: 0.025 Protecting memory [0x000000016cecc000,0x000000016ced8000] with protection modes 0
Event: 0.025 Protecting memory [0x000000016d0d8000,0x000000016d0e4000] with protection modes 0
Event: 0.025 Protecting memory [0x000000016d2e4000,0x000000016d2f0000] with protection modes 0
Event: 0.038 Protecting memory [0x000000016d4f0000,0x000000016d4fc000] with protection modes 0
Event: 0.040 Protecting memory [0x000000016d6fc000,0x000000016d708000] with protection modes 0
Event: 0.097 Protecting memory [0x000000016ac9c000,0x000000016aca8000] with protection modes 0
Event: 0.161 Protecting memory [0x000000016d908000,0x000000016d914000] with protection modes 0
Event: 0.265 Protecting memory [0x000000016dd44000,0x000000016dd50000] with protection modes 0
Event: 0.272 Protecting memory [0x000000016df50000,0x000000016df5c000] with protection modes 0
Event: 0.363 Protecting memory [0x000000016e15c000,0x000000016e168000] with protection modes 0
Event: 0.414 Protecting memory [0x000000016e368000,0x000000016e374000] with protection modes 0
Event: 0.458 Protecting memory [0x000000016e600000,0x000000016e60c000] with protection modes 0
Event: 0.458 Protecting memory [0x000000016b524000,0x000000016b530000] with protection modes 3
Event: 0.458 Protecting memory [0x000000016b524000,0x000000016b530000] with protection modes 0
Event: 5.389 Protecting memory [0x000000016e15c000,0x000000016e168000] with protection modes 3

Nmethod flushes (0 events):
No events

Events (20 events):
Event: 0.005 Thread 0x000000012580a800 Thread added: 0x000000012580a800
Event: 0.024 Thread 0x000000012580a800 Thread added: 0x000000012507a800
Event: 0.024 Thread 0x000000012580a800 Thread added: 0x0000000125080c00
Event: 0.024 Thread 0x000000012580a800 Thread added: 0x000000012507d000
Event: 0.024 Thread 0x000000012580a800 Thread added: 0x0000000125899600
Event: 0.025 Thread 0x000000012580a800 Thread added: 0x000000012589cc00
Event: 0.025 Thread 0x000000012580a800 Thread added: 0x000000012589d400
Event: 0.025 Thread 0x000000012580a800 Thread added: 0x000000012589dc00
Event: 0.038 Thread 0x000000012580a800 Thread added: 0x000000012507b000
Event: 0.040 Thread 0x000000012580a800 Thread added: 0x000000012501a600
Event: 0.097 Thread 0x0000000125112c00 Thread added: 0x0000000125112c00
Event: 0.161 Thread 0x0000000125112c00 Thread added: 0x00000001251d7400
Event: 0.265 Thread 0x000000012580a800 Thread added: 0x00000001269c5a00
Event: 0.272 Thread 0x000000012580a800 Thread added: 0x000000012525b000
Event: 0.363 Thread 0x000000012580a800 Thread added: 0x0000000125201000
Event: 0.414 Thread 0x000000012580a800 Thread added: 0x00000001259c4000
Event: 0.458 Thread 0x000000012580a800 Thread added: 0x00000001259d7c00
Event: 0.458 Thread 0x000000012580a800 Thread exited: 0x000000012580a800
Event: 0.458 Thread 0x000000012580a800 Thread added: 0x000000012580a800
Event: 5.389 Thread 0x0000000125201000 Thread exited: 0x0000000125201000


Dynamic libraries:
0x0000000104990000 	/Library/Java/JavaVirtualMachines/temurin-21.jdk/Contents/Home/lib/libjli.dylib
0x000000019b3b1000 	/System/Library/Frameworks/Cocoa.framework/Versions/A/Cocoa
0x00000001892ca000 	/System/Library/Frameworks/Security.framework/Versions/A/Security
0x000000019971d000 	/System/Library/Frameworks/ApplicationServices.framework/Versions/A/ApplicationServices
0x0000000190f2c000 	/usr/lib/libSystem.B.dylib
0x000000018750e000 	/System/Library/Frameworks/CoreFoundation.framework/Versions/A/CoreFoundation
0x00000001882d6000 	/System/Library/Frameworks/Foundation.framework/Versions/C/Foundation
0x0000000187325000 	/usr/lib/libobjc.A.dylib
0x0000000189d40000 	/System/Library/Frameworks/AppKit.framework/Versions/C/AppKit
0x000000018cb63000 	/System/Library/Frameworks/CoreData.framework/Versions/A/CoreData
0x000000018aa82000 	/System/Library/PrivateFrameworks/UIFoundation.framework/Versions/A/UIFoundation
0x0000000196593000 	/System/Library/PrivateFrameworks/RemoteViewServices.framework/Versions/A/RemoteViewServices
0x000000018f7a6000 	/System/Library/PrivateFrameworks/XCTTargetBootstrap.framework/Versions/A/XCTTargetBootstrap
0x00000001920e6000 	/usr/lib/libspindump.dylib
0x000000018aca9000 	/System/Library/Frameworks/UniformTypeIdentifiers.framework/Versions/A/UniformTypeIdentifiers
0x000000018dd8e000 	/usr/lib/libapp_launch_measurement.dylib
0x000000018dd91000 	/System/Library/PrivateFrameworks/CoreAutoLayout.framework/Versions/A/CoreAutoLayout
0x000000018f123000 	/System/Library/Frameworks/Metal.framework/Versions/A/Metal
0x000000018fd83000 	/usr/lib/liblangid.dylib
0x000000018f7aa000 	/System/Library/PrivateFrameworks/CoreSVG.framework/Versions/A/CoreSVG
0x000000018bd5c000 	/System/Library/PrivateFrameworks/SkyLight.framework/Versions/A/SkyLight
0x000000018c0ca000 	/System/Library/Frameworks/CoreGraphics.framework/Versions/A/CoreGraphics
0x0000000196ab3000 	/System/Library/Frameworks/Accelerate.framework/Versions/A/Accelerate
0x0000000191b40000 	/System/Library/PrivateFrameworks/IconServices.framework/Versions/A/IconServices
0x000000018f107000 	/System/Library/Frameworks/IOSurface.framework/Versions/A/IOSurface
0x000000018d432000 	/usr/lib/libDiagnosticMessagesClient.dylib
0x0000000190e86000 	/usr/lib/libz.1.dylib
0x000000018f78e000 	/System/Library/PrivateFrameworks/DFRFoundation.framework/Versions/A/DFRFoundation
0x0000000189631000 	/usr/lib/libicucore.A.dylib
0x0000000193639000 	/System/Library/Frameworks/AudioToolbox.framework/Versions/A/AudioToolbox
0x000000019284c000 	/System/Library/PrivateFrameworks/DataDetectorsCore.framework/Versions/A/DataDetectorsCore
0x000000018bcd7000 	/usr/lib/libMobileGestalt.dylib
0x000000018f483000 	/System/Library/Frameworks/Carbon.framework/Versions/A/Frameworks/HIToolbox.framework/Versions/A/HIToolbox
0x000000018d82d000 	/System/Library/Frameworks/QuartzCore.framework/Versions/A/QuartzCore
0x00000001965cb000 	/System/Library/Frameworks/Carbon.framework/Versions/A/Frameworks/SpeechRecognition.framework/Versions/A/SpeechRecognition
0x000000018db2c000 	/System/Library/PrivateFrameworks/CoreUI.framework/Versions/A/CoreUI
0x0000000188caf000 	/System/Library/Frameworks/CoreAudio.framework/Versions/A/CoreAudio
0x000000018d51b000 	/System/Library/Frameworks/DiskArbitration.framework/Versions/A/DiskArbitration
0x0000000192499000 	/System/Library/PrivateFrameworks/MultitouchSupport.framework/Versions/A/MultitouchSupport
0x0000000192843000 	/System/Library/PrivateFrameworks/InternationalSupport.framework/Versions/A/InternationalSupport
0x000000018bcd5000 	/usr/lib/libenergytrace.dylib
0x0000000189c1a000 	/System/Library/Frameworks/IOKit.framework/Versions/A/IOKit
0x00000001968f6000 	/System/Library/Frameworks/CoreServices.framework/Versions/A/CoreServices
0x000000018dd24000 	/System/Library/PrivateFrameworks/PerformanceAnalysis.framework/Versions/A/PerformanceAnalysis
0x00000001c954f000 	/System/Library/Frameworks/OpenGL.framework/Versions/A/OpenGL
0x00000001928c1000 	/System/Library/PrivateFrameworks/UserActivity.framework/Versions/A/UserActivity
0x000000018c6b8000 	/System/Library/Frameworks/ColorSync.framework/Versions/A/ColorSync
0x000000018f9f5000 	/System/Library/Frameworks/CoreImage.framework/Versions/A/CoreImage
0x0000000188adf000 	/System/Library/Frameworks/CoreText.framework/Versions/A/CoreText
0x000000018f7d5000 	/System/Library/Frameworks/ImageIO.framework/Versions/A/ImageIO
0x0000000190f32000 	/System/Library/PrivateFrameworks/SoftLinking.framework/Versions/A/SoftLinking
0x000000018ddd4000 	/usr/lib/libxml2.2.dylib
0x00000001873e4000 	/usr/lib/libc++.1.dylib
0x00000001911b2000 	/usr/lib/libcompression.dylib
0x000000019278f000 	/System/Library/PrivateFrameworks/TextureIO.framework/Versions/A/TextureIO
0x000000019189d000 	/usr/lib/libate.dylib
0x0000000190f26000 	/usr/lib/system/libcache.dylib
0x0000000190ee5000 	/usr/lib/system/libcommonCrypto.dylib
0x0000000190f0f000 	/usr/lib/system/libcompiler_rt.dylib
0x0000000190f06000 	/usr/lib/system/libcopyfile.dylib
0x0000000187240000 	/usr/lib/system/libcorecrypto.dylib
0x00000001872e0000 	/usr/lib/system/libdispatch.dylib
0x0000000187499000 	/usr/lib/system/libdyld.dylib
0x0000000190f1c000 	/usr/lib/system/libkeymgr.dylib
0x000000019434f000 	/usr/lib/system/liblaunch.dylib
0x0000000190ec7000 	/usr/lib/system/libmacho.dylib
0x0000000190739000 	/usr/lib/system/libquarantine.dylib
0x0000000190f19000 	/usr/lib/system/libremovefile.dylib
0x000000018bd2a000 	/usr/lib/system/libsystem_asl.dylib
0x00000001871ee000 	/usr/lib/system/libsystem_blocks.dylib
0x0000000187362000 	/usr/lib/system/libsystem_c.dylib
0x0000000190f13000 	/usr/lib/system/libsystem_collections.dylib
0x000000018fd73000 	/usr/lib/system/libsystem_configuration.dylib
0x000000018f0f5000 	/usr/lib/system/libsystem_containermanager.dylib
0x0000000190c9c000 	/usr/lib/system/libsystem_coreservices.dylib
0x00000001898a3000 	/usr/lib/system/libsystem_darwin.dylib
0x0000000190f1d000 	/usr/lib/system/libsystem_dnssd.dylib
0x000000018735f000 	/usr/lib/system/libsystem_featureflags.dylib
0x00000001874e2000 	/usr/lib/system/libsystem_info.dylib
0x0000000190e98000 	/usr/lib/system/libsystem_m.dylib
0x00000001872b4000 	/usr/lib/system/libsystem_malloc.dylib
0x000000018bcc5000 	/usr/lib/system/libsystem_networkextension.dylib
0x0000000189ce6000 	/usr/lib/system/libsystem_notify.dylib
0x0000000196801000 	/usr/lib/system/libsystem_product_info_filter.dylib
0x000000018fd78000 	/usr/lib/system/libsystem_sandbox.dylib
0x0000000190f16000 	/usr/lib/system/libsystem_secinit.dylib
0x0000000187458000 	/usr/lib/system/libsystem_kernel.dylib
0x00000001874db000 	/usr/lib/system/libsystem_platform.dylib
0x000000018748c000 	/usr/lib/system/libsystem_pthread.dylib
0x000000018d29a000 	/usr/lib/system/libsystem_symptoms.dylib
0x0000000187228000 	/usr/lib/system/libsystem_trace.dylib
0x0000000190ef3000 	/usr/lib/system/libunwind.dylib
0x00000001871f0000 	/usr/lib/system/libxpc.dylib
0x0000000187440000 	/usr/lib/libc++abi.dylib
0x0000000190efe000 	/usr/lib/liboah.dylib
0x00000001916e6000 	/usr/lib/liblzma.5.dylib
0x0000000187feb000 	/System/Library/Frameworks/SystemConfiguration.framework/Versions/A/SystemConfiguration
0x0000000190f2e000 	/usr/lib/libfakelink.dylib
0x000000018b83c000 	/System/Library/Frameworks/CFNetwork.framework/Versions/A/CFNetwork
0x0000000191078000 	/usr/lib/libarchive.2.dylib
0x0000000188073000 	/usr/lib/libCRFSuite.dylib
0x0000000190763000 	/usr/lib/libbsm.0.dylib
0x000000018b0f3000 	/usr/lib/libnetwork.dylib
0x0000000190f33000 	/usr/lib/libpcap.A.dylib
0x000000018d292000 	/usr/lib/libdns_services.dylib
0x00000001916ff000 	/usr/lib/libcoretls_cfhelpers.dylib
0x0000000191181000 	/usr/lib/libapple_nghttp2.dylib
0x0000000190ecd000 	/usr/lib/system/libkxld.dylib
0x000000018cf23000 	/usr/lib/libsqlite3.dylib
0x0000000190c7f000 	/System/Library/PrivateFrameworks/AppleFSCompression.framework/Versions/A/AppleFSCompression
0x000000019074c000 	/usr/lib/libcoretls.dylib
0x00000001911ad000 	/usr/lib/libpam.2.dylib
0x00000001917e6000 	/usr/lib/libxar.1.dylib
0x000000018fd7f000 	/System/Library/PrivateFrameworks/AppleSystemInfo.framework/Versions/A/AppleSystemInfo
0x000000019039c000 	/System/Library/PrivateFrameworks/IOMobileFramebuffer.framework/Versions/A/IOMobileFramebuffer
0x0000000190c8f000 	/usr/lib/libbz2.1.0.dylib
0x0000000190f6f000 	/usr/lib/libiconv.2.dylib
0x0000000190ec6000 	/usr/lib/libcharset.1.dylib
0x000000018dd5d000 	/System/Library/Frameworks/CoreServices.framework/Versions/A/Frameworks/FSEvents.framework/Versions/A/FSEvents
0x00000001898ae000 	/System/Library/Frameworks/CoreServices.framework/Versions/A/Frameworks/CarbonCore.framework/Versions/A/CarbonCore
0x000000018d481000 	/System/Library/Frameworks/CoreServices.framework/Versions/A/Frameworks/Metadata.framework/Versions/A/Metadata
0x0000000190ca1000 	/System/Library/Frameworks/CoreServices.framework/Versions/A/Frameworks/OSServices.framework/Versions/A/OSServices
0x00000001910e9000 	/System/Library/Frameworks/CoreServices.framework/Versions/A/Frameworks/SearchKit.framework/Versions/A/SearchKit
0x000000018d21e000 	/System/Library/Frameworks/CoreServices.framework/Versions/A/Frameworks/AE.framework/Versions/A/AE
0x00000001879bd000 	/System/Library/Frameworks/CoreServices.framework/Versions/A/Frameworks/LaunchServices.framework/Versions/A/LaunchServices
0x0000000191693000 	/System/Library/Frameworks/CoreServices.framework/Versions/A/Frameworks/DictionaryServices.framework/Versions/A/DictionaryServices
0x000000018dd6a000 	/System/Library/Frameworks/CoreServices.framework/Versions/A/Frameworks/SharedFileList.framework/Versions/A/SharedFileList
0x000000019073c000 	/usr/lib/libCheckFix.dylib
0x000000018bd42000 	/System/Library/PrivateFrameworks/TCC.framework/Versions/A/TCC
0x000000018fd85000 	/System/Library/PrivateFrameworks/CoreNLP.framework/Versions/A/CoreNLP
0x000000018d435000 	/System/Library/PrivateFrameworks/MetadataUtilities.framework/Versions/A/MetadataUtilities
0x00000001880a7000 	/usr/lib/libmecabra.dylib
0x0000000190a22000 	/System/Library/Frameworks/MLCompute.framework/Versions/A/MLCompute
0x0000000190774000 	/usr/lib/libmecab.dylib
0x00000001907ba000 	/usr/lib/libgermantok.dylib
0x000000019115a000 	/usr/lib/libThaiTokenizer.dylib
0x0000000191822000 	/usr/lib/libChineseTokenizer.dylib
0x00000001911ab000 	/System/Library/Frameworks/MetalPerformanceShaders.framework/Versions/A/MetalPerformanceShaders
0x000000018d522000 	/System/Library/Frameworks/Accelerate.framework/Versions/A/Frameworks/vImage.framework/Versions/A/vImage
0x00000001968d4000 	/System/Library/Frameworks/Accelerate.framework/Versions/A/Frameworks/vecLib.framework/Versions/A/vecLib
0x000000019182d000 	/System/Library/Frameworks/Accelerate.framework/Versions/A/Frameworks/vecLib.framework/Versions/A/libvMisc.dylib
0x00000001902da000 	/System/Library/Frameworks/Accelerate.framework/Versions/A/Frameworks/vecLib.framework/Versions/A/libvDSP.dylib
0x0000000187cd1000 	/System/Library/Frameworks/Accelerate.framework/Versions/A/Frameworks/vecLib.framework/Versions/A/libBLAS.dylib
0x00000001911d6000 	/System/Library/Frameworks/Accelerate.framework/Versions/A/Frameworks/vecLib.framework/Versions/A/libLAPACK.dylib
0x00000001907bf000 	/System/Library/Frameworks/Accelerate.framework/Versions/A/Frameworks/vecLib.framework/Versions/A/libLinearAlgebra.dylib
0x0000000191198000 	/System/Library/Frameworks/Accelerate.framework/Versions/A/Frameworks/vecLib.framework/Versions/A/libSparseBLAS.dylib
0x00000001911d1000 	/System/Library/Frameworks/Accelerate.framework/Versions/A/Frameworks/vecLib.framework/Versions/A/libQuadrature.dylib
0x000000018fe1b000 	/System/Library/Frameworks/Accelerate.framework/Versions/A/Frameworks/vecLib.framework/Versions/A/libBNNS.dylib
0x0000000187f87000 	/System/Library/Frameworks/Accelerate.framework/Versions/A/Frameworks/vecLib.framework/Versions/A/libSparse.dylib
0x000000018fd0e000 	/System/Library/Frameworks/MetalPerformanceShaders.framework/Versions/A/Frameworks/MPSCore.framework/Versions/A/MPSCore
0x0000000190bf7000 	/System/Library/Frameworks/MetalPerformanceShaders.framework/Versions/A/Frameworks/MPSImage.framework/Versions/A/MPSImage
0x00000001907d4000 	/System/Library/Frameworks/MetalPerformanceShaders.framework/Versions/A/Frameworks/MPSNeuralNetwork.framework/Versions/A/MPSNeuralNetwork
0x0000000190b75000 	/System/Library/Frameworks/MetalPerformanceShaders.framework/Versions/A/Frameworks/MPSMatrix.framework/Versions/A/MPSMatrix
0x00000001909d8000 	/System/Library/Frameworks/MetalPerformanceShaders.framework/Versions/A/Frameworks/MPSRayIntersector.framework/Versions/A/MPSRayIntersector
0x0000000190ba4000 	/System/Library/Frameworks/MetalPerformanceShaders.framework/Versions/A/Frameworks/MPSNDArray.framework/Versions/A/MPSNDArray
0x0000000187bf6000 	/System/Library/PrivateFrameworks/MetalTools.framework/Versions/A/MetalTools
0x000000018fd7d000 	/System/Library/PrivateFrameworks/AggregateDictionary.framework/Versions/A/AggregateDictionary
0x000000018d3ff000 	/System/Library/PrivateFrameworks/CoreAnalytics.framework/Versions/A/CoreAnalytics
0x000000019115c000 	/System/Library/PrivateFrameworks/AppleSauce.framework/Versions/A/AppleSauce
0x000000018f119000 	/System/Library/PrivateFrameworks/IOAccelerator.framework/Versions/A/IOAccelerator
0x00000001c9542000 	/System/Library/Frameworks/OpenGL.framework/Versions/A/Libraries/libCoreFSCache.dylib
0x0000000188663000 	/System/Library/PrivateFrameworks/LanguageModeling.framework/Versions/A/LanguageModeling
0x0000000190389000 	/System/Library/PrivateFrameworks/CoreEmoji.framework/Versions/A/CoreEmoji
0x000000018fe13000 	/System/Library/PrivateFrameworks/LinguisticData.framework/Versions/A/LinguisticData
0x0000000187f3c000 	/System/Library/PrivateFrameworks/Lexicon.framework/Versions/A/Lexicon
0x0000000191065000 	/usr/lib/libcmph.dylib
0x000000018dd3d000 	/System/Library/Frameworks/OpenDirectory.framework/Versions/A/Frameworks/CFOpenDirectory.framework/Versions/A/CFOpenDirectory
0x000000018dd2f000 	/System/Library/Frameworks/OpenDirectory.framework/Versions/A/OpenDirectory
0x0000000191701000 	/System/Library/PrivateFrameworks/APFS.framework/Versions/A/APFS
0x00000001906a5000 	/System/Library/Frameworks/SecurityFoundation.framework/Versions/A/SecurityFoundation
0x00000001917f4000 	/usr/lib/libutil.dylib
0x0000000189bde000 	/System/Library/PrivateFrameworks/CoreServicesStore.framework/Versions/A/CoreServicesStore
0x0000000190733000 	/System/Library/Frameworks/ServiceManagement.framework/Versions/A/ServiceManagement
0x00000001917f8000 	/usr/lib/libxslt.1.dylib
0x0000000190729000 	/System/Library/PrivateFrameworks/BackgroundTaskManagement.framework/Versions/A/BackgroundTaskManagement
0x00000001926de000 	/System/Library/Frameworks/ImageIO.framework/Versions/A/Resources/libRadiance.dylib
0x00000001926e7000 	/System/Library/Frameworks/ImageIO.framework/Versions/A/Resources/libJPEG.dylib
0x0000000192636000 	/System/Library/Frameworks/ImageIO.framework/Versions/A/Resources/libPng.dylib
0x000000019265d000 	/System/Library/Frameworks/ImageIO.framework/Versions/A/Resources/libTIFF.dylib
0x0000000192738000 	/System/Library/Frameworks/ImageIO.framework/Versions/A/Resources/libGIF.dylib
0x00000001923b3000 	/System/Library/Frameworks/ImageIO.framework/Versions/A/Resources/libJP2.dylib
0x0000000191b0a000 	/usr/lib/libexpat.1.dylib
0x000000019236f000 	/System/Library/PrivateFrameworks/AppleJPEG.framework/Versions/A/AppleJPEG
0x000000018f32a000 	/System/Library/PrivateFrameworks/FontServices.framework/libFontParser.dylib
0x000000018d1d0000 	/System/Library/PrivateFrameworks/RunningBoardServices.framework/Versions/A/RunningBoardServices
0x000000019b8e8000 	/System/Library/PrivateFrameworks/IOSurfaceAccelerator.framework/Versions/A/IOSurfaceAccelerator
0x0000000192495000 	/System/Library/PrivateFrameworks/WatchdogClient.framework/Versions/A/WatchdogClient
0x0000000188753000 	/System/Library/Frameworks/CoreDisplay.framework/Versions/A/CoreDisplay
0x000000018f232000 	/System/Library/Frameworks/CoreMedia.framework/Versions/A/CoreMedia
0x000000018dec1000 	/System/Library/Frameworks/CoreVideo.framework/Versions/A/CoreVideo
0x00000001924d2000 	/System/Library/Frameworks/VideoToolbox.framework/Versions/A/VideoToolbox
0x000000018d14d000 	/System/Library/PrivateFrameworks/BaseBoard.framework/Versions/A/BaseBoard
0x0000000191c47000 	/System/Library/PrivateFrameworks/PersistentConnection.framework/Versions/A/PersistentConnection
0x000000018cf0c000 	/System/Library/PrivateFrameworks/ProtocolBuffer.framework/Versions/A/ProtocolBuffer
0x000000018d136000 	/System/Library/PrivateFrameworks/CommonUtilities.framework/Versions/A/CommonUtilities
0x0000000192334000 	/System/Library/PrivateFrameworks/Bom.framework/Versions/A/Bom
0x00000001926d9000 	/System/Library/PrivateFrameworks/GPUWrangler.framework/Versions/A/GPUWrangler
0x00000001926ba000 	/System/Library/PrivateFrameworks/IOPresentment.framework/Versions/A/IOPresentment
0x00000001926e1000 	/System/Library/PrivateFrameworks/DSExternalDisplay.framework/Versions/A/DSExternalDisplay
0x000000019273d000 	/System/Library/PrivateFrameworks/CMCaptureCore.framework/Versions/A/CMCaptureCore
0x00000001920cf000 	/System/Library/PrivateFrameworks/AppServerSupport.framework/Versions/A/AppServerSupport
0x0000000194109000 	/System/Library/PrivateFrameworks/perfdata.framework/Versions/A/perfdata
0x0000000190695000 	/System/Library/PrivateFrameworks/AssertionServices.framework/Versions/A/AssertionServices
0x0000000188876000 	/System/Library/PrivateFrameworks/AudioToolboxCore.framework/Versions/A/AudioToolboxCore
0x000000018f212000 	/System/Library/PrivateFrameworks/caulk.framework/Versions/A/caulk
0x00000001a2f35000 	/System/Library/PrivateFrameworks/SystemPolicy.framework/Versions/A/SystemPolicy
0x000000019192f000 	/usr/lib/libIOReport.dylib
0x00000001939a5000 	/usr/lib/libSMC.dylib
0x0000000192603000 	/usr/lib/libAudioToolboxUtility.dylib
0x00000001a38c2000 	/usr/lib/libmis.dylib
0x00000001c95a4000 	/System/Library/Frameworks/OpenGL.framework/Versions/A/Libraries/libGLU.dylib
0x00000001c9562000 	/System/Library/Frameworks/OpenGL.framework/Versions/A/Libraries/libGFXShared.dylib
0x00000001c974a000 	/System/Library/Frameworks/OpenGL.framework/Versions/A/Libraries/libGL.dylib
0x00000001c956b000 	/System/Library/Frameworks/OpenGL.framework/Versions/A/Libraries/libGLImage.dylib
0x00000001c955f000 	/System/Library/Frameworks/OpenGL.framework/Versions/A/Libraries/libCVMSPluginSupport.dylib
0x00000001c9549000 	/System/Library/Frameworks/OpenGL.framework/Versions/A/Libraries/libCoreVMClient.dylib
0x000000019a422000 	/System/Library/PrivateFrameworks/ASEProcessing.framework/Versions/A/ASEProcessing
0x0000000191c6e000 	/System/Library/PrivateFrameworks/GraphVisualizer.framework/Versions/A/GraphVisualizer
0x0000000191c7c000 	/System/Library/PrivateFrameworks/FaceCore.framework/Versions/A/FaceCore
0x000000019208f000 	/System/Library/PrivateFrameworks/OTSVG.framework/Versions/A/OTSVG
0x000000018daea000 	/System/Library/Frameworks/ApplicationServices.framework/Versions/A/Frameworks/ATS.framework/Versions/A/Resources/libFontRegistry.dylib
0x00000001920d7000 	/System/Library/PrivateFrameworks/FontServices.framework/libhvf.dylib
0x00000001c98e5000 	/System/Library/Frameworks/OpenCL.framework/Versions/A/OpenCL
0x0000000191abe000 	/System/Library/PrivateFrameworks/AppleVA.framework/Versions/A/AppleVA
0x00000001937f1000 	/System/Library/Frameworks/ApplicationServices.framework/Versions/A/Frameworks/ATS.framework/Versions/A/ATS
0x0000000193b04000 	/System/Library/Frameworks/ApplicationServices.framework/Versions/A/Frameworks/ColorSyncLegacy.framework/Versions/A/ColorSyncLegacy
0x000000018c7ae000 	/System/Library/Frameworks/ApplicationServices.framework/Versions/A/Frameworks/HIServices.framework/Versions/A/HIServices
0x0000000193ae3000 	/System/Library/Frameworks/ApplicationServices.framework/Versions/A/Frameworks/LangAnalysis.framework/Versions/A/LangAnalysis
0x0000000192747000 	/System/Library/Frameworks/ApplicationServices.framework/Versions/A/Frameworks/PrintCore.framework/Versions/A/PrintCore
0x0000000193b0c000 	/System/Library/Frameworks/ApplicationServices.framework/Versions/A/Frameworks/QD.framework/Versions/A/QD
0x00000001937dd000 	/System/Library/Frameworks/ApplicationServices.framework/Versions/A/Frameworks/SpeechSynthesis.framework/Versions/A/SpeechSynthesis
0x0000000192708000 	/System/Library/Frameworks/ApplicationServices.framework/Versions/A/Frameworks/ATSUI.framework/Versions/A/ATSUI
0x0000000193a85000 	/usr/lib/libcups.2.dylib
0x0000000193af7000 	/System/Library/PrivateFrameworks/NetAuth.framework/Versions/A/NetAuth
0x0000000194123000 	/System/Library/Frameworks/Kerberos.framework/Versions/A/Kerberos
0x0000000194134000 	/System/Library/Frameworks/GSS.framework/Versions/A/GSS
0x0000000193860000 	/usr/lib/libresolv.9.dylib
0x00000001920ed000 	/System/Library/PrivateFrameworks/Heimdal.framework/Versions/A/Heimdal
0x0000000199a0d000 	/System/Library/Frameworks/Kerberos.framework/Versions/A/Libraries/libHeimdalProxy.dylib
0x000000018d2a2000 	/System/Library/Frameworks/Network.framework/Versions/A/Network
0x0000000191b24000 	/usr/lib/libheimdal-asn1.dylib
0x000000019417c000 	/System/Library/PrivateFrameworks/CommonAuth.framework/Versions/A/CommonAuth
0x000000018df15000 	/System/Library/PrivateFrameworks/login.framework/Versions/A/Frameworks/loginsupport.framework/Versions/A/loginsupport
0x0000000193762000 	/System/Library/PrivateFrameworks/AudioSession.framework/Versions/A/AudioSession
0x00000001937ca000 	/usr/lib/libAudioStatistics.dylib
0x0000000191ba4000 	/System/Library/PrivateFrameworks/MediaExperience.framework/Versions/A/MediaExperience
0x0000000193603000 	/System/Library/PrivateFrameworks/AudioSession.framework/libSessionUtility.dylib
0x0000000194115000 	/usr/lib/libperfcheck.dylib
0x0000000193b18000 	/System/Library/PrivateFrameworks/AudioResourceArbitration.framework/Versions/A/AudioResourceArbitration
0x0000000191b2d000 	/System/Library/PrivateFrameworks/IconFoundation.framework/Versions/A/IconFoundation
0x00000001965bb000 	/System/Library/PrivateFrameworks/SpeechRecognitionCore.framework/Versions/A/SpeechRecognitionCore
0x0000000109000000 	/Library/Java/JavaVirtualMachines/temurin-21.jdk/Contents/Home/lib/server/libjvm.dylib
0x00000001049f0000 	/Library/Java/JavaVirtualMachines/temurin-21.jdk/Contents/Home/lib/libjimage.dylib
0x0000000104a54000 	/Library/Java/JavaVirtualMachines/temurin-21.jdk/Contents/Home/lib/libjava.dylib
0x0000000104aa4000 	/Library/Java/JavaVirtualMachines/temurin-21.jdk/Contents/Home/lib/libnio.dylib
0x0000000104ac4000 	/Library/Java/JavaVirtualMachines/temurin-21.jdk/Contents/Home/lib/libnet.dylib
0x0000000104e30000 	/Library/Java/JavaVirtualMachines/temurin-21.jdk/Contents/Home/lib/libzip.dylib
0x0000000104e58000 	/Library/Java/JavaVirtualMachines/temurin-21.jdk/Contents/Home/lib/libawt.dylib
0x0000000124000000 	/Library/Java/JavaVirtualMachines/temurin-21.jdk/Contents/Home/lib/libmlib_image.dylib
0x00000001cabfc000 	/System/Library/Frameworks/JavaRuntimeSupport.framework/Versions/A/JavaRuntimeSupport
0x00000001a2c6b000 	/System/Library/Frameworks/Carbon.framework/Versions/A/Carbon
0x00000001980b9000 	/System/Library/PrivateFrameworks/CoreSymbolication.framework/Versions/A/CoreSymbolication
0x000000019c993000 	/System/Library/Frameworks/Carbon.framework/Versions/A/Frameworks/CommonPanels.framework/Versions/A/CommonPanels
0x00000001994d3000 	/System/Library/Frameworks/Carbon.framework/Versions/A/Frameworks/Help.framework/Versions/A/Help
0x000000019c997000 	/System/Library/Frameworks/Carbon.framework/Versions/A/Frameworks/ImageCapture.framework/Versions/A/ImageCapture
0x000000019c963000 	/System/Library/Frameworks/Carbon.framework/Versions/A/Frameworks/OpenScripting.framework/Versions/A/OpenScripting
0x000000019c98f000 	/System/Library/Frameworks/Carbon.framework/Versions/A/Frameworks/Ink.framework/Versions/A/Ink
0x00000001a2c67000 	/System/Library/Frameworks/Carbon.framework/Versions/A/Frameworks/Print.framework/Versions/A/Print
0x000000019c98b000 	/System/Library/Frameworks/Carbon.framework/Versions/A/Frameworks/SecurityHI.framework/Versions/A/SecurityHI
0x000000019807e000 	/System/Library/PrivateFrameworks/DebugSymbols.framework/Versions/A/DebugSymbols
0x000000012407c000 	/Library/Java/JavaVirtualMachines/temurin-21.jdk/Contents/Home/lib/libawt_lwawt.dylib
0x0000000116fb8000 	/Library/Java/JavaVirtualMachines/temurin-21.jdk/Contents/Home/lib/libosxapp.dylib
0x00000001a226d000 	/System/Library/Frameworks/ExceptionHandling.framework/Versions/A/ExceptionHandling
0x00000001241b0000 	/Library/Java/JavaVirtualMachines/temurin-21.jdk/Contents/Home/lib/libfontmanager.dylib
0x00000001243d4000 	/Library/Java/JavaVirtualMachines/temurin-21.jdk/Contents/Home/lib/libfreetype.dylib
0x0000000189ba2000 	/System/Library/PrivateFrameworks/CoreServicesInternal.framework/Versions/A/CoreServicesInternal
0x00000001975a1000 	/System/Library/Frameworks/FileProvider.framework/Versions/A/FileProvider
0x000000018d0c1000 	/System/Library/Frameworks/Accounts.framework/Versions/A/Accounts
0x00000001976f8000 	/System/Library/PrivateFrameworks/GenerationalStorage.framework/Versions/A/GenerationalStorage
0x000000019736c000 	/System/Library/PrivateFrameworks/SymptomDiagnosticReporter.framework/Versions/A/SymptomDiagnosticReporter
0x000000018acbc000 	/System/Library/PrivateFrameworks/DesktopServicesPriv.framework/Versions/A/DesktopServicesPriv
0x0000000189cf2000 	/usr/lib/libsandbox.1.dylib
0x000000018df3f000 	/System/Library/PrivateFrameworks/UserManagement.framework/Versions/A/UserManagement
0x0000000190672000 	/System/Library/PrivateFrameworks/MobileKeyBag.framework/Versions/A/MobileKeyBag
0x0000000194afc000 	/System/Library/PrivateFrameworks/Sharing.framework/Versions/A/Sharing
0x000000019906f000 	/System/Library/PrivateFrameworks/Apple80211.framework/Versions/A/Apple80211
0x0000000190cd2000 	/System/Library/PrivateFrameworks/AuthKit.framework/Versions/A/AuthKit
0x0000000190470000 	/System/Library/PrivateFrameworks/CoreUtils.framework/Versions/A/CoreUtils
0x00000001903a7000 	/System/Library/Frameworks/CoreWLAN.framework/Versions/A/CoreWLAN
0x0000000194c39000 	/System/Library/Frameworks/IOBluetooth.framework/Versions/A/IOBluetooth
0x00000001990cf000 	/System/Library/PrivateFrameworks/CoreWiFi.framework/Versions/A/CoreWiFi
0x00000001941fd000 	/System/Library/PrivateFrameworks/CorePhoneNumbers.framework/Versions/A/CorePhoneNumbers
0x0000000197480000 	/System/Library/PrivateFrameworks/DiskManagement.framework/Versions/A/DiskManagement
0x000000019738b000 	/System/Library/PrivateFrameworks/AppleIDAuthSupport.framework/Versions/A/AppleIDAuthSupport
0x00000001941df000 	/System/Library/PrivateFrameworks/KeychainCircle.framework/Versions/A/KeychainCircle
0x000000019744c000 	/System/Library/PrivateFrameworks/MediaKit.framework/Versions/A/MediaKit
0x0000000197397000 	/System/Library/Frameworks/DiscRecording.framework/Versions/A/DiscRecording
0x0000000191a3a000 	/usr/lib/libCoreStorage.dylib
0x00000001994df000 	/usr/lib/libcsfde.dylib
0x0000000194d3c000 	/System/Library/PrivateFrameworks/ProtectedCloudStorage.framework/Versions/A/ProtectedCloudStorage
0x00000001994d7000 	/System/Library/PrivateFrameworks/EFILogin.framework/Versions/A/EFILogin
0x0000000199ab4000 	/System/Library/Frameworks/AudioUnit.framework/Versions/A/AudioUnit
0x0000000197310000 	/System/Library/Frameworks/CoreBluetooth.framework/Versions/A/CoreBluetooth
0x0000000191a32000 	/usr/lib/libMatch.1.dylib
0x00000001a970b000 	/System/Library/CoreServices/RawCamera.bundle/Contents/MacOS/RawCamera
0x000000019418c000 	/System/Library/PrivateFrameworks/MobileAsset.framework/Versions/A/MobileAsset
0x0000000199ade000 	/System/Library/PrivateFrameworks/StreamingZip.framework/Versions/A/StreamingZip
0x0000000192921000 	/System/Library/Frameworks/MediaToolbox.framework/Versions/A/MediaToolbox
0x0000000197571000 	/System/Library/PrivateFrameworks/CoreAVCHD.framework/Versions/A/CoreAVCHD
0x0000000196af6000 	/System/Library/Frameworks/MediaAccessibility.framework/Versions/A/MediaAccessibility
0x000000019756d000 	/System/Library/PrivateFrameworks/Mangrove.framework/Versions/A/Mangrove
0x0000000196b03000 	/System/Library/PrivateFrameworks/AlgosScoreFramework.framework/Versions/A/AlgosScoreFramework
0x0000000197561000 	/System/Library/PrivateFrameworks/CoreAUC.framework/Versions/A/CoreAUC
0x00000001a72b5000 	/System/Library/Frameworks/Accelerate.framework/Versions/A/Frameworks/vImage.framework/Versions/A/Libraries/libCGInterfaces.dylib
0x0000000126710000 	/usr/lib/libobjc-trampolines.dylib
0x000000018dc44000 	/System/Library/PrivateFrameworks/ViewBridge.framework/Versions/A/ViewBridge
0x00000001da9b4000 	/usr/lib/libRosetta.dylib
0x000000015f800000 	/System/Library/Extensions/AGXMetal13_3.bundle/Contents/MacOS/AGXMetal13_3
0x000000019e9e6000 	/System/Library/PrivateFrameworks/IOGPU.framework/Versions/A/IOGPU
0x00000001c72f0000 	/System/Library/PrivateFrameworks/GPUCompiler.framework/Versions/31001/Libraries/libmetal_timestamp.dylib
0x00000001cc089000 	/System/Library/PrivateFrameworks/AccessibilityBundles.framework/Versions/A/AccessibilityBundles
0x000000015ed1c000 	/Library/Java/JavaVirtualMachines/temurin-21.jdk/Contents/Home/lib/libosxui.dylib
0x000000015ed38000 	/Library/Java/JavaVirtualMachines/temurin-21.jdk/Contents/Home/lib/libmanagement.dylib
0x000000015ed4c000 	/Library/Java/JavaVirtualMachines/temurin-21.jdk/Contents/Home/lib/libmanagement_ext.dylib
0x00000001921a0000 	/System/Library/PrivateFrameworks/login.framework/Versions/A/login


VM Arguments:
jvm_args: -XX:+ShowCodeDetailsInExceptionMessages 
java_command: Sketch
java_class_path (initial): /Users/tristansoriano/Library/Application Support/Code/User/workspaceStorage/943723d11c5ab86e3d4afe6099f23cda/redhat.java/jdt_ws/balls-bubbles-and-snowflakes-tristan-oss_66ccbae3/bin:/Users/tristansoriano/github-classroom/graded-ib-cs-sl-2026/balls-bubbles-and-snowflakes-tristan-oss/lib/core.jar
Launcher Type: SUN_STANDARD

[Global flags]
     intx CICompilerCount                          = 4                                         {product} {ergonomic}
     uint ConcGCThreads                            = 2                                         {product} {ergonomic}
     uint G1ConcRefinementThreads                  = 8                                         {product} {ergonomic}
   size_t G1HeapRegionSize                         = 1048576                                   {product} {ergonomic}
    uintx GCDrainStackTargetSize                   = 64                                        {product} {ergonomic}
   size_t InitialHeapSize                          = 134217728                                 {product} {ergonomic}
   size_t MarkStackSize                            = 4194304                                   {product} {ergonomic}
   size_t MaxHeapSize                              = 2147483648                                {product} {ergonomic}
   size_t MaxNewSize                               = 1287651328                                {product} {ergonomic}
   size_t MinHeapDeltaBytes                        = 1048576                                   {product} {ergonomic}
   size_t MinHeapSize                              = 8388608                                   {product} {ergonomic}
    uintx NonNMethodCodeHeapSize                   = 5839564                                {pd product} {ergonomic}
    uintx NonProfiledCodeHeapSize                  = 122909338                              {pd product} {ergonomic}
    uintx ProfiledCodeHeapSize                     = 122909338                              {pd product} {ergonomic}
    uintx ReservedCodeCacheSize                    = 251658240                              {pd product} {ergonomic}
     bool SegmentedCodeCache                       = true                                      {product} {ergonomic}
     bool ShowCodeDetailsInExceptionMessages       = true                                   {manageable} {command line}
   size_t SoftMaxHeapSize                          = 2147483648                             {manageable} {ergonomic}
     bool UseCompressedOops                        = true                           {product lp64_product} {ergonomic}
     bool UseG1GC                                  = true                                      {product} {ergonomic}
     bool UseNUMA                                  = false                                     {product} {ergonomic}
     bool UseNUMAInterleaving                      = false                                     {product} {ergonomic}

Logging:
Log output configuration:
 #0: stdout all=warning uptime,level,tags foldmultilines=false
 #1: stderr all=off uptime,level,tags foldmultilines=false

Environment Variables:
PATH=/usr/local/bin:/usr/bin:/bin:/usr/sbin:/sbin
SHELL=/bin/zsh
LANG=en_US.UTF-8
TERM=xterm-256color
TMPDIR=/var/folders/_q/w3nkm6d97fz9wyr862g2cpmw0000gn/T/

Active Locale:
LC_ALL=en_US.UTF-8
LC_COLLATE=en_US.UTF-8
LC_CTYPE=en_US.UTF-8
LC_MESSAGES=en_US.UTF-8
LC_MONETARY=en_US.UTF-8
LC_NUMERIC=en_US.UTF-8
LC_TIME=en_US.UTF-8

Signal Handlers:
   SIGSEGV: crash_handler in libjvm.dylib, mask=11100110000111110111111111111111, flags=SA_ONSTACK|SA_RESTART|SA_SIGINFO, unblocked
    SIGBUS: crash_handler in libjvm.dylib, mask=11100110000111110111111111111111, flags=SA_RESTART|SA_SIGINFO, unblocked
    SIGFPE: crash_handler in libjvm.dylib, mask=11100110000111110111111111111111, flags=SA_RESTART|SA_SIGINFO, unblocked
   SIGPIPE: javaSignalHandler in libjvm.dylib, mask=11100110000111110111111111111111, flags=SA_RESTART|SA_SIGINFO, blocked
   SIGXFSZ: javaSignalHandler in libjvm.dylib, mask=11100110000111110111111111111111, flags=SA_RESTART|SA_SIGINFO, blocked
    SIGILL: crash_handler in libjvm.dylib, mask=11100110000111110111111111111111, flags=SA_RESTART|SA_SIGINFO, unblocked
   SIGUSR2: SR_handler in libjvm.dylib, mask=00000000000000000000000000000000, flags=SA_RESTART|SA_SIGINFO, blocked
    SIGHUP: UserHandler in libjvm.dylib, mask=11100110000111110111111111111111, flags=SA_RESTART|SA_SIGINFO, blocked
    SIGINT: UserHandler in libjvm.dylib, mask=11100110000111110111111111111111, flags=SA_RESTART|SA_SIGINFO, blocked
   SIGTERM: UserHandler in libjvm.dylib, mask=11100110000111110111111111111111, flags=SA_RESTART|SA_SIGINFO, blocked
   SIGQUIT: UserHandler in libjvm.dylib, mask=11100110000111110111111111111111, flags=SA_RESTART|SA_SIGINFO, blocked
   SIGTRAP: crash_handler in libjvm.dylib, mask=11100110000111110111111111111111, flags=SA_RESTART|SA_SIGINFO, unblocked


Periodic native trim disabled

---------------  S Y S T E M  ---------------

OS:
uname: Darwin 20.6.0 Darwin Kernel Version 20.6.0: Wed Jun 23 00:26:27 PDT 2021; root:xnu-7195.141.2~5/RELEASE_ARM64_T8101 arm64
OS uptime: 14 days 10:38 hours
rlimit (soft/hard): STACK 8176k/65520k , CORE 0k/infinity , NPROC 1333/2000 , NOFILE 10240/infinity , AS infinity/infinity , CPU infinity/infinity , DATA infinity/infinity , FSIZE infinity/infinity , MEMLOCK infinity/infinity , RSS infinity/infinity
load average: 5.37 3.04 2.78

CPU: total 8 (initial active 8) 0x61:0x0:0x1b588bb3:0, fp, asimd, aes, pmull, sha1, sha256, crc32, lse, sha3, sha512
machdep.cpu.brand_string:Apple M1
hw.cachelinesize:128
hw.l1icachesize:131072
hw.l1dcachesize:65536
hw.l2cachesize:4194304

Memory: 16k page, physical 8388608k(97488k free), swap 4194304k(919040k free)

vm_info: OpenJDK 64-Bit Server VM (21.0.4+7-LTS) for bsd-aarch64 JRE (21.0.4+7-LTS), built on 2024-07-16T00:00:00Z by "admin" with clang Apple LLVM 15.0.0 (clang-1500.1.0.2.5)

END.
